{"E:\\yby_vibe\\backend\\server.js": {"path":"E:\\yby_vibe\\backend\\server.js","statementMap":{"0":{"start":{"line":1,"column":16},"end":{"line":1,"column":34}},"1":{"start":{"line":2,"column":13},"end":{"line":2,"column":28}},"2":{"start":{"line":3,"column":15},"end":{"line":3,"column":32}},"3":{"start":{"line":4,"column":13},"end":{"line":4,"column":28}},"4":{"start":{"line":5,"column":0},"end":{"line":5,"column":27}},"5":{"start":{"line":7,"column":12},"end":{"line":7,"column":21}},"6":{"start":{"line":8,"column":15},"end":{"line":8,"column":40}},"7":{"start":{"line":9,"column":22},"end":{"line":9,"column":60}},"8":{"start":{"line":10,"column":21},"end":{"line":10,"column":58}},"9":{"start":{"line":11,"column":26},"end":{"line":11,"column":62}},"10":{"start":{"line":14,"column":0},"end":{"line":17,"column":3}},"11":{"start":{"line":15,"column":4},"end":{"line":15,"column":45}},"12":{"start":{"line":16,"column":4},"end":{"line":16,"column":20}},"13":{"start":{"line":19,"column":0},"end":{"line":22,"column":3}},"14":{"start":{"line":20,"column":4},"end":{"line":20,"column":46}},"15":{"start":{"line":21,"column":4},"end":{"line":21,"column":20}},"16":{"start":{"line":25,"column":0},"end":{"line":25,"column":29}},"17":{"start":{"line":28,"column":0},"end":{"line":28,"column":75}},"18":{"start":{"line":31,"column":0},"end":{"line":31,"column":23}},"19":{"start":{"line":34,"column":0},"end":{"line":34,"column":23}},"20":{"start":{"line":37,"column":23},"end":{"line":37,"column":99}},"21":{"start":{"line":37,"column":75},"end":{"line":37,"column":83}},"22":{"start":{"line":37,"column":97},"end":{"line":37,"column":98}},"23":{"start":{"line":38,"column":25},"end":{"line":40,"column":1}},"24":{"start":{"line":41,"column":22},"end":{"line":41,"column":62}},"25":{"start":{"line":43,"column":0},"end":{"line":62,"column":4}},"26":{"start":{"line":46,"column":8},"end":{"line":46,"column":49}},"27":{"start":{"line":46,"column":21},"end":{"line":46,"column":49}},"28":{"start":{"line":48,"column":26},"end":{"line":52,"column":62}},"29":{"start":{"line":54,"column":8},"end":{"line":59,"column":9}},"30":{"start":{"line":55,"column":12},"end":{"line":55,"column":33}},"31":{"start":{"line":57,"column":12},"end":{"line":57,"column":55}},"32":{"start":{"line":58,"column":12},"end":{"line":58,"column":55}},"33":{"start":{"line":63,"column":0},"end":{"line":63,"column":24}},"34":{"start":{"line":66,"column":0},"end":{"line":66,"column":61}},"35":{"start":{"line":66,"column":33},"end":{"line":66,"column":59}},"36":{"start":{"line":69,"column":0},"end":{"line":69,"column":69}},"37":{"start":{"line":72,"column":0},"end":{"line":72,"column":47}},"38":{"start":{"line":73,"column":0},"end":{"line":73,"column":51}},"39":{"start":{"line":74,"column":0},"end":{"line":74,"column":55}},"40":{"start":{"line":75,"column":0},"end":{"line":75,"column":49}},"41":{"start":{"line":76,"column":0},"end":{"line":76,"column":43}},"42":{"start":{"line":79,"column":0},"end":{"line":79,"column":22}},"43":{"start":{"line":81,"column":13},"end":{"line":81,"column":37}},"44":{"start":{"line":83,"column":0},"end":{"line":85,"column":1}},"45":{"start":{"line":84,"column":4},"end":{"line":84,"column":85}},"46":{"start":{"line":84,"column":38},"end":{"line":84,"column":83}},"47":{"start":{"line":87,"column":0},"end":{"line":87,"column":21}}},"fnMap":{"0":{"name":"(anonymous_0)","decl":{"start":{"line":14,"column":32},"end":{"line":14,"column":33}},"loc":{"start":{"line":14,"column":41},"end":{"line":17,"column":1}},"line":14},"1":{"name":"(anonymous_1)","decl":{"start":{"line":19,"column":33},"end":{"line":19,"column":34}},"loc":{"start":{"line":19,"column":42},"end":{"line":22,"column":1}},"line":19},"2":{"name":"(anonymous_2)","decl":{"start":{"line":37,"column":70},"end":{"line":37,"column":71}},"loc":{"start":{"line":37,"column":75},"end":{"line":37,"column":83}},"line":37},"3":{"name":"(anonymous_3)","decl":{"start":{"line":37,"column":92},"end":{"line":37,"column":93}},"loc":{"start":{"line":37,"column":97},"end":{"line":37,"column":98}},"line":37},"4":{"name":"(anonymous_4)","decl":{"start":{"line":44,"column":12},"end":{"line":44,"column":13}},"loc":{"start":{"line":44,"column":40},"end":{"line":60,"column":5}},"line":44},"5":{"name":"(anonymous_5)","decl":{"start":{"line":66,"column":19},"end":{"line":66,"column":20}},"loc":{"start":{"line":66,"column":33},"end":{"line":66,"column":59}},"line":66},"6":{"name":"(anonymous_6)","decl":{"start":{"line":84,"column":32},"end":{"line":84,"column":33}},"loc":{"start":{"line":84,"column":38},"end":{"line":84,"column":83}},"line":84}},"branchMap":{"0":{"loc":{"start":{"line":37,"column":24},"end":{"line":37,"column":53}},"type":"binary-expr","locations":[{"start":{"line":37,"column":24},"end":{"line":37,"column":47}},{"start":{"line":37,"column":51},"end":{"line":37,"column":53}}],"line":37},"1":{"loc":{"start":{"line":46,"column":8},"end":{"line":46,"column":49}},"type":"if","locations":[{"start":{"line":46,"column":8},"end":{"line":46,"column":49}},{"start":{},"end":{}}],"line":46},"2":{"loc":{"start":{"line":48,"column":26},"end":{"line":52,"column":62}},"type":"binary-expr","locations":[{"start":{"line":48,"column":26},"end":{"line":48,"column":56}},{"start":{"line":49,"column":12},"end":{"line":49,"column":48}},{"start":{"line":50,"column":12},"end":{"line":50,"column":44}},{"start":{"line":51,"column":12},"end":{"line":51,"column":42}},{"start":{"line":52,"column":12},"end":{"line":52,"column":62}}],"line":48},"3":{"loc":{"start":{"line":54,"column":8},"end":{"line":59,"column":9}},"type":"if","locations":[{"start":{"line":54,"column":8},"end":{"line":59,"column":9}},{"start":{"line":56,"column":15},"end":{"line":59,"column":9}}],"line":54},"4":{"loc":{"start":{"line":81,"column":13},"end":{"line":81,"column":37}},"type":"binary-expr","locations":[{"start":{"line":81,"column":13},"end":{"line":81,"column":29}},{"start":{"line":81,"column":33},"end":{"line":81,"column":37}}],"line":81},"5":{"loc":{"start":{"line":83,"column":0},"end":{"line":85,"column":1}},"type":"if","locations":[{"start":{"line":83,"column":0},"end":{"line":85,"column":1}},{"start":{},"end":{}}],"line":83}},"s":{"0":4,"1":4,"2":4,"3":4,"4":4,"5":4,"6":4,"7":4,"8":4,"9":4,"10":4,"11":0,"12":0,"13":4,"14":0,"15":0,"16":4,"17":4,"18":4,"19":4,"20":4,"21":4,"22":4,"23":4,"24":4,"25":4,"26":25,"27":25,"28":0,"29":0,"30":0,"31":0,"32":0,"33":4,"34":4,"35":0,"36":4,"37":4,"38":4,"39":4,"40":4,"41":4,"42":4,"43":4,"44":4,"45":0,"46":0,"47":4},"f":{"0":0,"1":0,"2":4,"3":4,"4":25,"5":0,"6":0},"b":{"0":[4,4],"1":[25,0],"2":[0,0,0,0,0],"3":[0,0],"4":[4,0],"5":[0,4]},"_coverageSchema":"1a1c01bbd47fc00a2c39e90264f33305004495a9","hash":"6267d84b66dd6249f21fb67ab24fe7f14577f2ce"}
,"E:\\yby_vibe\\backend\\controllers\\aiController.js": {"path":"E:\\yby_vibe\\backend\\controllers\\aiController.js","statementMap":{"0":{"start":{"line":1,"column":50},"end":{"line":1,"column":81}},"1":{"start":{"line":2,"column":24},"end":{"line":2,"column":47}},"2":{"start":{"line":3,"column":27},"end":{"line":3,"column":53}},"3":{"start":{"line":6,"column":17},"end":{"line":26,"column":1}},"4":{"start":{"line":7,"column":4},"end":{"line":25,"column":5}},"5":{"start":{"line":8,"column":36},"end":{"line":8,"column":44}},"6":{"start":{"line":10,"column":8},"end":{"line":12,"column":9}},"7":{"start":{"line":11,"column":12},"end":{"line":11,"column":81}},"8":{"start":{"line":15,"column":26},"end":{"line":15,"column":67}},"9":{"start":{"line":18,"column":8},"end":{"line":21,"column":11}},"10":{"start":{"line":23,"column":8},"end":{"line":23,"column":52}},"11":{"start":{"line":24,"column":8},"end":{"line":24,"column":79}},"12":{"start":{"line":29,"column":16},"end":{"line":52,"column":1}},"13":{"start":{"line":30,"column":4},"end":{"line":51,"column":5}},"14":{"start":{"line":31,"column":26},"end":{"line":31,"column":34}},"15":{"start":{"line":33,"column":8},"end":{"line":35,"column":9}},"16":{"start":{"line":34,"column":12},"end":{"line":34,"column":78}},"17":{"start":{"line":37,"column":23},"end":{"line":37,"column":57}},"18":{"start":{"line":39,"column":8},"end":{"line":41,"column":9}},"19":{"start":{"line":40,"column":12},"end":{"line":40,"column":68}},"20":{"start":{"line":43,"column":8},"end":{"line":47,"column":11}},"21":{"start":{"line":49,"column":8},"end":{"line":49,"column":50}},"22":{"start":{"line":50,"column":8},"end":{"line":50,"column":86}},"23":{"start":{"line":55,"column":24},"end":{"line":75,"column":1}},"24":{"start":{"line":56,"column":4},"end":{"line":74,"column":5}},"25":{"start":{"line":57,"column":21},"end":{"line":57,"column":38}},"26":{"start":{"line":58,"column":26},"end":{"line":58,"column":63}},"27":{"start":{"line":60,"column":23},"end":{"line":68,"column":23}},"28":{"start":{"line":70,"column":8},"end":{"line":70,"column":46}},"29":{"start":{"line":72,"column":8},"end":{"line":72,"column":56}},"30":{"start":{"line":73,"column":8},"end":{"line":73,"column":58}},"31":{"start":{"line":77,"column":0},"end":{"line":77,"column":56}}},"fnMap":{"0":{"name":"(anonymous_0)","decl":{"start":{"line":6,"column":17},"end":{"line":6,"column":18}},"loc":{"start":{"line":6,"column":37},"end":{"line":26,"column":1}},"line":6},"1":{"name":"(anonymous_1)","decl":{"start":{"line":29,"column":16},"end":{"line":29,"column":17}},"loc":{"start":{"line":29,"column":36},"end":{"line":52,"column":1}},"line":29},"2":{"name":"(anonymous_2)","decl":{"start":{"line":55,"column":24},"end":{"line":55,"column":25}},"loc":{"start":{"line":55,"column":44},"end":{"line":75,"column":1}},"line":55}},"branchMap":{"0":{"loc":{"start":{"line":10,"column":8},"end":{"line":12,"column":9}},"type":"if","locations":[{"start":{"line":10,"column":8},"end":{"line":12,"column":9}},{"start":{},"end":{}}],"line":10},"1":{"loc":{"start":{"line":10,"column":12},"end":{"line":10,"column":47}},"type":"binary-expr","locations":[{"start":{"line":10,"column":12},"end":{"line":10,"column":18}},{"start":{"line":10,"column":22},"end":{"line":10,"column":47}}],"line":10},"2":{"loc":{"start":{"line":24,"column":40},"end":{"line":24,"column":75}},"type":"binary-expr","locations":[{"start":{"line":24,"column":40},"end":{"line":24,"column":53}},{"start":{"line":24,"column":57},"end":{"line":24,"column":75}}],"line":24},"3":{"loc":{"start":{"line":33,"column":8},"end":{"line":35,"column":9}},"type":"if","locations":[{"start":{"line":33,"column":8},"end":{"line":35,"column":9}},{"start":{},"end":{}}],"line":33},"4":{"loc":{"start":{"line":33,"column":12},"end":{"line":33,"column":72}},"type":"binary-expr","locations":[{"start":{"line":33,"column":12},"end":{"line":33,"column":18}},{"start":{"line":33,"column":22},"end":{"line":33,"column":34}},{"start":{"line":33,"column":38},"end":{"line":33,"column":49}},{"start":{"line":33,"column":53},"end":{"line":33,"column":72}}],"line":33},"5":{"loc":{"start":{"line":39,"column":8},"end":{"line":41,"column":9}},"type":"if","locations":[{"start":{"line":39,"column":8},"end":{"line":41,"column":9}},{"start":{},"end":{}}],"line":39},"6":{"loc":{"start":{"line":50,"column":40},"end":{"line":50,"column":82}},"type":"binary-expr","locations":[{"start":{"line":50,"column":40},"end":{"line":50,"column":53}},{"start":{"line":50,"column":57},"end":{"line":50,"column":82}}],"line":50}},"s":{"0":4,"1":4,"2":4,"3":4,"4":1,"5":1,"6":1,"7":0,"8":1,"9":0,"10":1,"11":1,"12":4,"13":0,"14":0,"15":0,"16":0,"17":0,"18":0,"19":0,"20":0,"21":0,"22":0,"23":4,"24":0,"25":0,"26":0,"27":0,"28":0,"29":0,"30":0,"31":4},"f":{"0":1,"1":0,"2":0},"b":{"0":[0,1],"1":[1,1],"2":[1,0],"3":[0,0],"4":[0,0,0,0],"5":[0,0],"6":[0,0]},"_coverageSchema":"1a1c01bbd47fc00a2c39e90264f33305004495a9","hash":"ccf43c052ab5a76565b1fb19234263b64d8f583d"}
,"E:\\yby_vibe\\backend\\controllers\\authController.js": {"path":"E:\\yby_vibe\\backend\\controllers\\authController.js","statementMap":{"0":{"start":{"line":1,"column":15},"end":{"line":1,"column":34}},"1":{"start":{"line":2,"column":12},"end":{"line":2,"column":35}},"2":{"start":{"line":3,"column":15},"end":{"line":3,"column":32}},"3":{"start":{"line":4,"column":24},"end":{"line":4,"column":47}},"4":{"start":{"line":5,"column":27},"end":{"line":5,"column":53}},"5":{"start":{"line":6,"column":35},"end":{"line":6,"column":61}},"6":{"start":{"line":8,"column":17},"end":{"line":34,"column":1}},"7":{"start":{"line":9,"column":4},"end":{"line":33,"column":5}},"8":{"start":{"line":10,"column":52},"end":{"line":10,"column":60}},"9":{"start":{"line":11,"column":21},"end":{"line":11,"column":38}},"10":{"start":{"line":12,"column":8},"end":{"line":14,"column":9}},"11":{"start":{"line":13,"column":12},"end":{"line":13,"column":74}},"12":{"start":{"line":15,"column":27},"end":{"line":15,"column":33}},"13":{"start":{"line":16,"column":8},"end":{"line":24,"column":45}},"14":{"start":{"line":17,"column":26},"end":{"line":17,"column":52}},"15":{"start":{"line":18,"column":12},"end":{"line":23,"column":13}},"16":{"start":{"line":19,"column":16},"end":{"line":22,"column":31}},"17":{"start":{"line":20,"column":36},"end":{"line":20,"column":89}},"18":{"start":{"line":21,"column":20},"end":{"line":21,"column":78}},"19":{"start":{"line":21,"column":55},"end":{"line":21,"column":78}},"20":{"start":{"line":24,"column":15},"end":{"line":24,"column":45}},"21":{"start":{"line":24,"column":25},"end":{"line":24,"column":45}},"22":{"start":{"line":26,"column":21},"end":{"line":26,"column":45}},"23":{"start":{"line":27,"column":31},"end":{"line":27,"column":64}},"24":{"start":{"line":28,"column":23},"end":{"line":28,"column":210}},"25":{"start":{"line":29,"column":8},"end":{"line":29,"column":94}},"26":{"start":{"line":31,"column":8},"end":{"line":31,"column":87}},"27":{"start":{"line":31,"column":36},"end":{"line":31,"column":87}},"28":{"start":{"line":32,"column":8},"end":{"line":32,"column":29}},"29":{"start":{"line":32,"column":30},"end":{"line":32,"column":73}},"30":{"start":{"line":36,"column":14},"end":{"line":70,"column":1}},"31":{"start":{"line":37,"column":4},"end":{"line":69,"column":5}},"32":{"start":{"line":38,"column":36},"end":{"line":38,"column":44}},"33":{"start":{"line":39,"column":21},"end":{"line":39,"column":38}},"34":{"start":{"line":40,"column":23},"end":{"line":40,"column":90}},"35":{"start":{"line":41,"column":21},"end":{"line":41,"column":35}},"36":{"start":{"line":42,"column":8},"end":{"line":44,"column":9}},"37":{"start":{"line":43,"column":12},"end":{"line":43,"column":76}},"38":{"start":{"line":45,"column":24},"end":{"line":45,"column":66}},"39":{"start":{"line":46,"column":23},"end":{"line":46,"column":57}},"40":{"start":{"line":48,"column":22},"end":{"line":53,"column":10}},"41":{"start":{"line":49,"column":12},"end":{"line":52,"column":15}},"42":{"start":{"line":50,"column":16},"end":{"line":51,"column":36}},"43":{"start":{"line":50,"column":25},"end":{"line":50,"column":37}},"44":{"start":{"line":51,"column":21},"end":{"line":51,"column":36}},"45":{"start":{"line":55,"column":29},"end":{"line":55,"column":67}},"46":{"start":{"line":56,"column":26},"end":{"line":56,"column":36}},"47":{"start":{"line":57,"column":8},"end":{"line":57,"column":51}},"48":{"start":{"line":59,"column":8},"end":{"line":59,"column":141}},"49":{"start":{"line":61,"column":8},"end":{"line":65,"column":11}},"50":{"start":{"line":67,"column":8},"end":{"line":67,"column":45}},"51":{"start":{"line":68,"column":8},"end":{"line":68,"column":80}},"52":{"start":{"line":72,"column":22},"end":{"line":89,"column":1}},"53":{"start":{"line":73,"column":4},"end":{"line":88,"column":81}},"54":{"start":{"line":74,"column":46},"end":{"line":74,"column":54}},"55":{"start":{"line":75,"column":21},"end":{"line":75,"column":38}},"56":{"start":{"line":76,"column":22},"end":{"line":76,"column":145}},"57":{"start":{"line":77,"column":8},"end":{"line":77,"column":86}},"58":{"start":{"line":77,"column":35},"end":{"line":77,"column":86}},"59":{"start":{"line":78,"column":18},"end":{"line":78,"column":64}},"60":{"start":{"line":78,"column":75},"end":{"line":78,"column":92}},"61":{"start":{"line":79,"column":8},"end":{"line":83,"column":9}},"62":{"start":{"line":80,"column":25},"end":{"line":80,"column":49}},"63":{"start":{"line":81,"column":27},"end":{"line":81,"column":60}},"64":{"start":{"line":82,"column":12},"end":{"line":82,"column":42}},"65":{"start":{"line":82,"column":43},"end":{"line":82,"column":63}},"66":{"start":{"line":84,"column":8},"end":{"line":84,"column":87}},"67":{"start":{"line":85,"column":8},"end":{"line":85,"column":33}},"68":{"start":{"line":86,"column":23},"end":{"line":86,"column":52}},"69":{"start":{"line":87,"column":8},"end":{"line":87,"column":49}},"70":{"start":{"line":88,"column":18},"end":{"line":88,"column":35}},"71":{"start":{"line":88,"column":36},"end":{"line":88,"column":79}},"72":{"start":{"line":91,"column":21},"end":{"line":115,"column":1}},"73":{"start":{"line":92,"column":4},"end":{"line":114,"column":5}},"74":{"start":{"line":93,"column":41},"end":{"line":93,"column":49}},"75":{"start":{"line":94,"column":8},"end":{"line":94,"column":74}},"76":{"start":{"line":94,"column":21},"end":{"line":94,"column":74}},"77":{"start":{"line":95,"column":21},"end":{"line":95,"column":38}},"78":{"start":{"line":96,"column":23},"end":{"line":96,"column":122}},"79":{"start":{"line":97,"column":8},"end":{"line":97,"column":90}},"80":{"start":{"line":97,"column":38},"end":{"line":97,"column":90}},"81":{"start":{"line":98,"column":24},"end":{"line":98,"column":112}},"82":{"start":{"line":99,"column":8},"end":{"line":99,"column":93}},"83":{"start":{"line":99,"column":39},"end":{"line":99,"column":93}},"84":{"start":{"line":100,"column":24},"end":{"line":100,"column":88}},"85":{"start":{"line":101,"column":23},"end":{"line":101,"column":57}},"86":{"start":{"line":103,"column":22},"end":{"line":108,"column":10}},"87":{"start":{"line":104,"column":12},"end":{"line":107,"column":15}},"88":{"start":{"line":105,"column":16},"end":{"line":106,"column":36}},"89":{"start":{"line":105,"column":25},"end":{"line":105,"column":37}},"90":{"start":{"line":106,"column":21},"end":{"line":106,"column":36}},"91":{"start":{"line":110,"column":8},"end":{"line":110,"column":28}},"92":{"start":{"line":112,"column":8},"end":{"line":112,"column":49}},"93":{"start":{"line":113,"column":8},"end":{"line":113,"column":88}},"94":{"start":{"line":117,"column":23},"end":{"line":129,"column":1}},"95":{"start":{"line":118,"column":4},"end":{"line":128,"column":81}},"96":{"start":{"line":119,"column":26},"end":{"line":119,"column":34}},"97":{"start":{"line":120,"column":21},"end":{"line":120,"column":38}},"98":{"start":{"line":121,"column":23},"end":{"line":121,"column":91}},"99":{"start":{"line":122,"column":8},"end":{"line":122,"column":75}},"100":{"start":{"line":122,"column":38},"end":{"line":122,"column":75}},"101":{"start":{"line":123,"column":22},"end":{"line":123,"column":60}},"102":{"start":{"line":124,"column":23},"end":{"line":124,"column":33}},"103":{"start":{"line":124,"column":35},"end":{"line":124,"column":74}},"104":{"start":{"line":125,"column":8},"end":{"line":125,"column":152}},"105":{"start":{"line":126,"column":8},"end":{"line":126,"column":51}},"106":{"start":{"line":127,"column":8},"end":{"line":127,"column":38}},"107":{"start":{"line":128,"column":18},"end":{"line":128,"column":35}},"108":{"start":{"line":128,"column":36},"end":{"line":128,"column":79}},"109":{"start":{"line":131,"column":22},"end":{"line":142,"column":1}},"110":{"start":{"line":132,"column":4},"end":{"line":141,"column":81}},"111":{"start":{"line":133,"column":36},"end":{"line":133,"column":44}},"112":{"start":{"line":134,"column":21},"end":{"line":134,"column":38}},"113":{"start":{"line":135,"column":23},"end":{"line":135,"column":141}},"114":{"start":{"line":136,"column":8},"end":{"line":136,"column":96}},"115":{"start":{"line":136,"column":38},"end":{"line":136,"column":96}},"116":{"start":{"line":137,"column":21},"end":{"line":137,"column":45}},"117":{"start":{"line":138,"column":23},"end":{"line":138,"column":56}},"118":{"start":{"line":139,"column":8},"end":{"line":139,"column":169}},"119":{"start":{"line":140,"column":8},"end":{"line":140,"column":39}},"120":{"start":{"line":141,"column":18},"end":{"line":141,"column":35}},"121":{"start":{"line":141,"column":36},"end":{"line":141,"column":79}},"122":{"start":{"line":144,"column":22},"end":{"line":154,"column":1}},"123":{"start":{"line":145,"column":4},"end":{"line":153,"column":81}},"124":{"start":{"line":146,"column":27},"end":{"line":146,"column":36}},"125":{"start":{"line":147,"column":21},"end":{"line":147,"column":38}},"126":{"start":{"line":148,"column":18},"end":{"line":148,"column":77}},"127":{"start":{"line":148,"column":88},"end":{"line":148,"column":90}},"128":{"start":{"line":149,"column":8},"end":{"line":149,"column":104}},"129":{"start":{"line":149,"column":22},"end":{"line":149,"column":74}},"130":{"start":{"line":149,"column":75},"end":{"line":149,"column":102}},"131":{"start":{"line":150,"column":8},"end":{"line":150,"column":43}},"132":{"start":{"line":151,"column":23},"end":{"line":151,"column":52}},"133":{"start":{"line":152,"column":8},"end":{"line":152,"column":46}},"134":{"start":{"line":153,"column":18},"end":{"line":153,"column":35}},"135":{"start":{"line":153,"column":36},"end":{"line":153,"column":79}},"136":{"start":{"line":156,"column":24},"end":{"line":172,"column":1}},"137":{"start":{"line":157,"column":4},"end":{"line":171,"column":157}},"138":{"start":{"line":158,"column":23},"end":{"line":158,"column":33}},"139":{"start":{"line":158,"column":79},"end":{"line":158,"column":87}},"140":{"start":{"line":159,"column":21},"end":{"line":159,"column":38}},"141":{"start":{"line":160,"column":22},"end":{"line":160,"column":84}},"142":{"start":{"line":161,"column":8},"end":{"line":161,"column":91}},"143":{"start":{"line":161,"column":37},"end":{"line":161,"column":91}},"144":{"start":{"line":162,"column":18},"end":{"line":162,"column":75}},"145":{"start":{"line":162,"column":86},"end":{"line":162,"column":109}},"146":{"start":{"line":163,"column":8},"end":{"line":166,"column":9}},"147":{"start":{"line":164,"column":25},"end":{"line":164,"column":49}},"148":{"start":{"line":164,"column":66},"end":{"line":164,"column":99}},"149":{"start":{"line":165,"column":12},"end":{"line":165,"column":42}},"150":{"start":{"line":165,"column":43},"end":{"line":165,"column":63}},"151":{"start":{"line":167,"column":8},"end":{"line":167,"column":87}},"152":{"start":{"line":168,"column":8},"end":{"line":168,"column":24}},"153":{"start":{"line":169,"column":23},"end":{"line":169,"column":52}},"154":{"start":{"line":170,"column":8},"end":{"line":170,"column":49}},"155":{"start":{"line":171,"column":18},"end":{"line":171,"column":93}},"156":{"start":{"line":171,"column":42},"end":{"line":171,"column":93}},"157":{"start":{"line":171,"column":94},"end":{"line":171,"column":111}},"158":{"start":{"line":171,"column":112},"end":{"line":171,"column":155}},"159":{"start":{"line":174,"column":24},"end":{"line":181,"column":1}},"160":{"start":{"line":175,"column":4},"end":{"line":180,"column":81}},"161":{"start":{"line":176,"column":21},"end":{"line":176,"column":38}},"162":{"start":{"line":177,"column":23},"end":{"line":177,"column":106}},"163":{"start":{"line":178,"column":8},"end":{"line":178,"column":89}},"164":{"start":{"line":178,"column":35},"end":{"line":178,"column":89}},"165":{"start":{"line":179,"column":8},"end":{"line":179,"column":41}},"166":{"start":{"line":180,"column":18},"end":{"line":180,"column":35}},"167":{"start":{"line":180,"column":36},"end":{"line":180,"column":79}},"168":{"start":{"line":183,"column":23},"end":{"line":190,"column":1}},"169":{"start":{"line":184,"column":4},"end":{"line":189,"column":89}},"170":{"start":{"line":185,"column":21},"end":{"line":185,"column":38}},"171":{"start":{"line":186,"column":23},"end":{"line":186,"column":117}},"172":{"start":{"line":187,"column":8},"end":{"line":187,"column":92}},"173":{"start":{"line":187,"column":38},"end":{"line":187,"column":92}},"174":{"start":{"line":188,"column":8},"end":{"line":188,"column":49}},"175":{"start":{"line":189,"column":22},"end":{"line":189,"column":43}},"176":{"start":{"line":189,"column":44},"end":{"line":189,"column":87}},"177":{"start":{"line":192,"column":15},"end":{"line":201,"column":1}},"178":{"start":{"line":193,"column":4},"end":{"line":200,"column":81}},"179":{"start":{"line":194,"column":37},"end":{"line":194,"column":45}},"180":{"start":{"line":195,"column":8},"end":{"line":198,"column":9}},"181":{"start":{"line":196,"column":25},"end":{"line":196,"column":42}},"182":{"start":{"line":197,"column":12},"end":{"line":197,"column":113}},"183":{"start":{"line":199,"column":8},"end":{"line":199,"column":44}},"184":{"start":{"line":200,"column":18},"end":{"line":200,"column":35}},"185":{"start":{"line":200,"column":36},"end":{"line":200,"column":79}},"186":{"start":{"line":203,"column":0},"end":{"line":205,"column":2}}},"fnMap":{"0":{"name":"(anonymous_0)","decl":{"start":{"line":8,"column":17},"end":{"line":8,"column":18}},"loc":{"start":{"line":8,"column":37},"end":{"line":34,"column":1}},"line":8},"1":{"name":"(anonymous_1)","decl":{"start":{"line":36,"column":14},"end":{"line":36,"column":15}},"loc":{"start":{"line":36,"column":34},"end":{"line":70,"column":1}},"line":36},"2":{"name":"(anonymous_2)","decl":{"start":{"line":48,"column":40},"end":{"line":48,"column":41}},"loc":{"start":{"line":48,"column":61},"end":{"line":53,"column":9}},"line":48},"3":{"name":"(anonymous_3)","decl":{"start":{"line":49,"column":59},"end":{"line":49,"column":60}},"loc":{"start":{"line":49,"column":75},"end":{"line":52,"column":13}},"line":49},"4":{"name":"(anonymous_4)","decl":{"start":{"line":72,"column":22},"end":{"line":72,"column":23}},"loc":{"start":{"line":72,"column":42},"end":{"line":89,"column":1}},"line":72},"5":{"name":"(anonymous_5)","decl":{"start":{"line":91,"column":21},"end":{"line":91,"column":22}},"loc":{"start":{"line":91,"column":41},"end":{"line":115,"column":1}},"line":91},"6":{"name":"(anonymous_6)","decl":{"start":{"line":103,"column":40},"end":{"line":103,"column":41}},"loc":{"start":{"line":103,"column":61},"end":{"line":108,"column":9}},"line":103},"7":{"name":"(anonymous_7)","decl":{"start":{"line":104,"column":59},"end":{"line":104,"column":60}},"loc":{"start":{"line":104,"column":75},"end":{"line":107,"column":13}},"line":104},"8":{"name":"(anonymous_8)","decl":{"start":{"line":117,"column":23},"end":{"line":117,"column":24}},"loc":{"start":{"line":117,"column":43},"end":{"line":129,"column":1}},"line":117},"9":{"name":"(anonymous_9)","decl":{"start":{"line":131,"column":22},"end":{"line":131,"column":23}},"loc":{"start":{"line":131,"column":42},"end":{"line":142,"column":1}},"line":131},"10":{"name":"(anonymous_10)","decl":{"start":{"line":144,"column":22},"end":{"line":144,"column":23}},"loc":{"start":{"line":144,"column":42},"end":{"line":154,"column":1}},"line":144},"11":{"name":"(anonymous_11)","decl":{"start":{"line":156,"column":24},"end":{"line":156,"column":25}},"loc":{"start":{"line":156,"column":44},"end":{"line":172,"column":1}},"line":156},"12":{"name":"(anonymous_12)","decl":{"start":{"line":174,"column":24},"end":{"line":174,"column":25}},"loc":{"start":{"line":174,"column":44},"end":{"line":181,"column":1}},"line":174},"13":{"name":"(anonymous_13)","decl":{"start":{"line":183,"column":23},"end":{"line":183,"column":24}},"loc":{"start":{"line":183,"column":43},"end":{"line":190,"column":1}},"line":183},"14":{"name":"(anonymous_14)","decl":{"start":{"line":192,"column":15},"end":{"line":192,"column":16}},"loc":{"start":{"line":192,"column":35},"end":{"line":201,"column":1}},"line":192}},"branchMap":{"0":{"loc":{"start":{"line":12,"column":8},"end":{"line":14,"column":9}},"type":"if","locations":[{"start":{"line":12,"column":8},"end":{"line":14,"column":9}},{"start":{},"end":{}}],"line":12},"1":{"loc":{"start":{"line":12,"column":12},"end":{"line":12,"column":159}},"type":"binary-expr","locations":[{"start":{"line":12,"column":12},"end":{"line":12,"column":21}},{"start":{"line":12,"column":25},"end":{"line":12,"column":44}},{"start":{"line":12,"column":48},"end":{"line":12,"column":71}},{"start":{"line":12,"column":75},"end":{"line":12,"column":98}},{"start":{"line":12,"column":102},"end":{"line":12,"column":125}},{"start":{"line":12,"column":129},"end":{"line":12,"column":159}}],"line":12},"2":{"loc":{"start":{"line":16,"column":8},"end":{"line":24,"column":45}},"type":"if","locations":[{"start":{"line":16,"column":8},"end":{"line":24,"column":45}},{"start":{"line":24,"column":15},"end":{"line":24,"column":45}}],"line":16},"3":{"loc":{"start":{"line":18,"column":12},"end":{"line":23,"column":13}},"type":"if","locations":[{"start":{"line":18,"column":12},"end":{"line":23,"column":13}},{"start":{},"end":{}}],"line":18},"4":{"loc":{"start":{"line":20,"column":54},"end":{"line":20,"column":88}},"type":"binary-expr","locations":[{"start":{"line":20,"column":54},"end":{"line":20,"column":76}},{"start":{"line":20,"column":80},"end":{"line":20,"column":88}}],"line":20},"5":{"loc":{"start":{"line":21,"column":20},"end":{"line":21,"column":78}},"type":"if","locations":[{"start":{"line":21,"column":20},"end":{"line":21,"column":78}},{"start":{},"end":{}}],"line":21},"6":{"loc":{"start":{"line":24,"column":15},"end":{"line":24,"column":45}},"type":"if","locations":[{"start":{"line":24,"column":15},"end":{"line":24,"column":45}},{"start":{},"end":{}}],"line":24},"7":{"loc":{"start":{"line":31,"column":8},"end":{"line":31,"column":87}},"type":"if","locations":[{"start":{"line":31,"column":8},"end":{"line":31,"column":87}},{"start":{},"end":{}}],"line":31},"8":{"loc":{"start":{"line":42,"column":8},"end":{"line":44,"column":9}},"type":"if","locations":[{"start":{"line":42,"column":8},"end":{"line":44,"column":9}},{"start":{},"end":{}}],"line":42},"9":{"loc":{"start":{"line":42,"column":12},"end":{"line":42,"column":74}},"type":"binary-expr","locations":[{"start":{"line":42,"column":12},"end":{"line":42,"column":17}},{"start":{"line":42,"column":21},"end":{"line":42,"column":74}}],"line":42},"10":{"loc":{"start":{"line":46,"column":23},"end":{"line":46,"column":57}},"type":"binary-expr","locations":[{"start":{"line":46,"column":23},"end":{"line":46,"column":45}},{"start":{"line":46,"column":49},"end":{"line":46,"column":57}}],"line":46},"11":{"loc":{"start":{"line":50,"column":16},"end":{"line":51,"column":36}},"type":"if","locations":[{"start":{"line":50,"column":16},"end":{"line":51,"column":36}},{"start":{"line":51,"column":21},"end":{"line":51,"column":36}}],"line":50},"12":{"loc":{"start":{"line":77,"column":8},"end":{"line":77,"column":86}},"type":"if","locations":[{"start":{"line":77,"column":8},"end":{"line":77,"column":86}},{"start":{},"end":{}}],"line":77},"13":{"loc":{"start":{"line":79,"column":8},"end":{"line":83,"column":9}},"type":"if","locations":[{"start":{"line":79,"column":8},"end":{"line":83,"column":9}},{"start":{},"end":{}}],"line":79},"14":{"loc":{"start":{"line":79,"column":12},"end":{"line":79,"column":46}},"type":"binary-expr","locations":[{"start":{"line":79,"column":12},"end":{"line":79,"column":20}},{"start":{"line":79,"column":24},"end":{"line":79,"column":46}}],"line":79},"15":{"loc":{"start":{"line":94,"column":8},"end":{"line":94,"column":74}},"type":"if","locations":[{"start":{"line":94,"column":8},"end":{"line":94,"column":74}},{"start":{},"end":{}}],"line":94},"16":{"loc":{"start":{"line":97,"column":8},"end":{"line":97,"column":90}},"type":"if","locations":[{"start":{"line":97,"column":8},"end":{"line":97,"column":90}},{"start":{},"end":{}}],"line":97},"17":{"loc":{"start":{"line":99,"column":8},"end":{"line":99,"column":93}},"type":"if","locations":[{"start":{"line":99,"column":8},"end":{"line":99,"column":93}},{"start":{},"end":{}}],"line":99},"18":{"loc":{"start":{"line":101,"column":23},"end":{"line":101,"column":57}},"type":"binary-expr","locations":[{"start":{"line":101,"column":23},"end":{"line":101,"column":45}},{"start":{"line":101,"column":49},"end":{"line":101,"column":57}}],"line":101},"19":{"loc":{"start":{"line":105,"column":16},"end":{"line":106,"column":36}},"type":"if","locations":[{"start":{"line":105,"column":16},"end":{"line":106,"column":36}},{"start":{"line":106,"column":21},"end":{"line":106,"column":36}}],"line":105},"20":{"loc":{"start":{"line":122,"column":8},"end":{"line":122,"column":75}},"type":"if","locations":[{"start":{"line":122,"column":8},"end":{"line":122,"column":75}},{"start":{},"end":{}}],"line":122},"21":{"loc":{"start":{"line":136,"column":8},"end":{"line":136,"column":96}},"type":"if","locations":[{"start":{"line":136,"column":8},"end":{"line":136,"column":96}},{"start":{},"end":{}}],"line":136},"22":{"loc":{"start":{"line":149,"column":8},"end":{"line":149,"column":104}},"type":"if","locations":[{"start":{"line":149,"column":8},"end":{"line":149,"column":104}},{"start":{},"end":{}}],"line":149},"23":{"loc":{"start":{"line":161,"column":8},"end":{"line":161,"column":91}},"type":"if","locations":[{"start":{"line":161,"column":8},"end":{"line":161,"column":91}},{"start":{},"end":{}}],"line":161},"24":{"loc":{"start":{"line":163,"column":8},"end":{"line":166,"column":9}},"type":"if","locations":[{"start":{"line":163,"column":8},"end":{"line":166,"column":9}},{"start":{},"end":{}}],"line":163},"25":{"loc":{"start":{"line":163,"column":12},"end":{"line":163,"column":46}},"type":"binary-expr","locations":[{"start":{"line":163,"column":12},"end":{"line":163,"column":20}},{"start":{"line":163,"column":24},"end":{"line":163,"column":46}}],"line":163},"26":{"loc":{"start":{"line":171,"column":18},"end":{"line":171,"column":93}},"type":"if","locations":[{"start":{"line":171,"column":18},"end":{"line":171,"column":93}},{"start":{},"end":{}}],"line":171},"27":{"loc":{"start":{"line":178,"column":8},"end":{"line":178,"column":89}},"type":"if","locations":[{"start":{"line":178,"column":8},"end":{"line":178,"column":89}},{"start":{},"end":{}}],"line":178},"28":{"loc":{"start":{"line":187,"column":8},"end":{"line":187,"column":92}},"type":"if","locations":[{"start":{"line":187,"column":8},"end":{"line":187,"column":92}},{"start":{},"end":{}}],"line":187},"29":{"loc":{"start":{"line":195,"column":8},"end":{"line":198,"column":9}},"type":"if","locations":[{"start":{"line":195,"column":8},"end":{"line":198,"column":9}},{"start":{},"end":{}}],"line":195}},"s":{"0":4,"1":4,"2":4,"3":4,"4":4,"5":4,"6":4,"7":2,"8":2,"9":2,"10":2,"11":0,"12":2,"13":2,"14":0,"15":0,"16":0,"17":0,"18":0,"19":0,"20":2,"21":0,"22":2,"23":2,"24":2,"25":1,"26":1,"27":1,"28":0,"29":0,"30":4,"31":3,"32":3,"33":3,"34":3,"35":3,"36":3,"37":2,"38":1,"39":1,"40":1,"41":1,"42":1,"43":0,"44":1,"45":1,"46":1,"47":1,"48":1,"49":1,"50":0,"51":0,"52":4,"53":0,"54":0,"55":0,"56":0,"57":0,"58":0,"59":0,"60":0,"61":0,"62":0,"63":0,"64":0,"65":0,"66":0,"67":0,"68":0,"69":0,"70":0,"71":0,"72":4,"73":0,"74":0,"75":0,"76":0,"77":0,"78":0,"79":0,"80":0,"81":0,"82":0,"83":0,"84":0,"85":0,"86":0,"87":0,"88":0,"89":0,"90":0,"91":0,"92":0,"93":0,"94":4,"95":0,"96":0,"97":0,"98":0,"99":0,"100":0,"101":0,"102":0,"103":0,"104":0,"105":0,"106":0,"107":0,"108":0,"109":4,"110":0,"111":0,"112":0,"113":0,"114":0,"115":0,"116":0,"117":0,"118":0,"119":0,"120":0,"121":0,"122":4,"123":0,"124":0,"125":0,"126":0,"127":0,"128":0,"129":0,"130":0,"131":0,"132":0,"133":0,"134":0,"135":0,"136":4,"137":0,"138":0,"139":0,"140":0,"141":0,"142":0,"143":0,"144":0,"145":0,"146":0,"147":0,"148":0,"149":0,"150":0,"151":0,"152":0,"153":0,"154":0,"155":0,"156":0,"157":0,"158":0,"159":4,"160":0,"161":0,"162":0,"163":0,"164":0,"165":0,"166":0,"167":0,"168":4,"169":1,"170":1,"171":1,"172":1,"173":0,"174":1,"175":0,"176":0,"177":4,"178":0,"179":0,"180":0,"181":0,"182":0,"183":0,"184":0,"185":0,"186":4},"f":{"0":2,"1":3,"2":1,"3":1,"4":0,"5":0,"6":0,"7":0,"8":0,"9":0,"10":0,"11":0,"12":0,"13":1,"14":0},"b":{"0":[0,2],"1":[2,2,2,2,2,2],"2":[0,2],"3":[0,0],"4":[0,0],"5":[0,0],"6":[0,2],"7":[1,0],"8":[2,1],"9":[3,2],"10":[1,0],"11":[0,1],"12":[0,0],"13":[0,0],"14":[0,0],"15":[0,0],"16":[0,0],"17":[0,0],"18":[0,0],"19":[0,0],"20":[0,0],"21":[0,0],"22":[0,0],"23":[0,0],"24":[0,0],"25":[0,0],"26":[0,0],"27":[0,0],"28":[0,1],"29":[0,0]},"_coverageSchema":"1a1c01bbd47fc00a2c39e90264f33305004495a9","hash":"be1f340619617811b2ea920712e995a9fe0df4ca"}
,"E:\\yby_vibe\\backend\\controllers\\eventController.js": {"path":"E:\\yby_vibe\\backend\\controllers\\eventController.js","statementMap":{"0":{"start":{"line":1,"column":24},"end":{"line":1,"column":47}},"1":{"start":{"line":2,"column":27},"end":{"line":2,"column":53}},"2":{"start":{"line":3,"column":34},"end":{"line":3,"column":60}},"3":{"start":{"line":4,"column":21},"end":{"line":4,"column":53}},"4":{"start":{"line":6,"column":21},"end":{"line":46,"column":1}},"5":{"start":{"line":7,"column":4},"end":{"line":45,"column":5}},"6":{"start":{"line":8,"column":22},"end":{"line":8,"column":53}},"7":{"start":{"line":9,"column":23},"end":{"line":9,"column":54}},"8":{"start":{"line":10,"column":27},"end":{"line":10,"column":81}},"9":{"start":{"line":13,"column":25},"end":{"line":13,"column":51}},"10":{"start":{"line":14,"column":27},"end":{"line":14,"column":53}},"11":{"start":{"line":16,"column":8},"end":{"line":20,"column":9}},"12":{"start":{"line":18,"column":26},"end":{"line":18,"column":68}},"13":{"start":{"line":19,"column":12},"end":{"line":19,"column":35}},"14":{"start":{"line":22,"column":21},"end":{"line":22,"column":38}},"15":{"start":{"line":23,"column":31},"end":{"line":23,"column":65}},"16":{"start":{"line":24,"column":26},"end":{"line":24,"column":64}},"17":{"start":{"line":27,"column":23},"end":{"line":36,"column":10}},"18":{"start":{"line":38,"column":26},"end":{"line":38,"column":53}},"19":{"start":{"line":39,"column":8},"end":{"line":39,"column":46}},"20":{"start":{"line":41,"column":8},"end":{"line":41,"column":58}},"21":{"start":{"line":43,"column":8},"end":{"line":43,"column":29}},"22":{"start":{"line":44,"column":8},"end":{"line":44,"column":58}},"23":{"start":{"line":48,"column":28},"end":{"line":64,"column":1}},"24":{"start":{"line":49,"column":4},"end":{"line":63,"column":5}},"25":{"start":{"line":50,"column":21},"end":{"line":50,"column":38}},"26":{"start":{"line":51,"column":23},"end":{"line":58,"column":25}},"27":{"start":{"line":59,"column":8},"end":{"line":59,"column":46}},"28":{"start":{"line":61,"column":8},"end":{"line":61,"column":29}},"29":{"start":{"line":62,"column":8},"end":{"line":62,"column":58}},"30":{"start":{"line":66,"column":24},"end":{"line":82,"column":1}},"31":{"start":{"line":67,"column":4},"end":{"line":81,"column":5}},"32":{"start":{"line":68,"column":21},"end":{"line":68,"column":38}},"33":{"start":{"line":69,"column":23},"end":{"line":76,"column":25}},"34":{"start":{"line":77,"column":8},"end":{"line":77,"column":46}},"35":{"start":{"line":79,"column":8},"end":{"line":79,"column":29}},"36":{"start":{"line":80,"column":8},"end":{"line":80,"column":58}},"37":{"start":{"line":84,"column":21},"end":{"line":128,"column":1}},"38":{"start":{"line":85,"column":4},"end":{"line":127,"column":5}},"39":{"start":{"line":86,"column":25},"end":{"line":86,"column":49}},"40":{"start":{"line":87,"column":28},"end":{"line":87,"column":54}},"41":{"start":{"line":88,"column":8},"end":{"line":88,"column":54}},"42":{"start":{"line":88,"column":25},"end":{"line":88,"column":54}},"43":{"start":{"line":90,"column":21},"end":{"line":90,"column":38}},"44":{"start":{"line":91,"column":23},"end":{"line":96,"column":27}},"45":{"start":{"line":98,"column":8},"end":{"line":98,"column":98}},"46":{"start":{"line":98,"column":38},"end":{"line":98,"column":98}},"47":{"start":{"line":100,"column":22},"end":{"line":100,"column":36}},"48":{"start":{"line":101,"column":32},"end":{"line":107,"column":22}},"49":{"start":{"line":109,"column":8},"end":{"line":109,"column":48}},"50":{"start":{"line":110,"column":28},"end":{"line":115,"column":22}},"51":{"start":{"line":117,"column":8},"end":{"line":117,"column":39}},"52":{"start":{"line":118,"column":23},"end":{"line":118,"column":44}},"53":{"start":{"line":121,"column":8},"end":{"line":121,"column":47}},"54":{"start":{"line":123,"column":8},"end":{"line":123,"column":25}},"55":{"start":{"line":125,"column":8},"end":{"line":125,"column":29}},"56":{"start":{"line":126,"column":8},"end":{"line":126,"column":58}},"57":{"start":{"line":130,"column":24},"end":{"line":135,"column":1}},"58":{"start":{"line":131,"column":4},"end":{"line":131,"column":65}},"59":{"start":{"line":131,"column":38},"end":{"line":131,"column":65}},"60":{"start":{"line":132,"column":21},"end":{"line":132,"column":69}},"61":{"start":{"line":132,"column":37},"end":{"line":132,"column":68}},"62":{"start":{"line":133,"column":4},"end":{"line":133,"column":46}},"63":{"start":{"line":133,"column":19},"end":{"line":133,"column":46}},"64":{"start":{"line":134,"column":4},"end":{"line":134,"column":88}},"65":{"start":{"line":137,"column":27},"end":{"line":154,"column":1}},"66":{"start":{"line":142,"column":8},"end":{"line":142,"column":12}},"67":{"start":{"line":144,"column":4},"end":{"line":153,"column":6}},"68":{"start":{"line":156,"column":24},"end":{"line":187,"column":1}},"69":{"start":{"line":157,"column":22},"end":{"line":157,"column":24}},"70":{"start":{"line":158,"column":4},"end":{"line":162,"column":5}},"71":{"start":{"line":159,"column":8},"end":{"line":159,"column":88}},"72":{"start":{"line":161,"column":8},"end":{"line":161,"column":55}},"73":{"start":{"line":163,"column":4},"end":{"line":166,"column":5}},"74":{"start":{"line":164,"column":26},"end":{"line":164,"column":74}},"75":{"start":{"line":165,"column":8},"end":{"line":165,"column":104}},"76":{"start":{"line":167,"column":4},"end":{"line":186,"column":5}},"77":{"start":{"line":168,"column":26},"end":{"line":168,"column":59}},"78":{"start":{"line":169,"column":32},"end":{"line":169,"column":77}},"79":{"start":{"line":170,"column":29},"end":{"line":170,"column":68}},"80":{"start":{"line":172,"column":8},"end":{"line":175,"column":9}},"81":{"start":{"line":173,"column":12},"end":{"line":173,"column":66}},"82":{"start":{"line":174,"column":12},"end":{"line":174,"column":21}},"83":{"start":{"line":177,"column":8},"end":{"line":185,"column":11}},"84":{"start":{"line":189,"column":25},"end":{"line":199,"column":1}},"85":{"start":{"line":190,"column":4},"end":{"line":190,"column":45}},"86":{"start":{"line":190,"column":38},"end":{"line":190,"column":45}},"87":{"start":{"line":191,"column":4},"end":{"line":198,"column":5}},"88":{"start":{"line":192,"column":25},"end":{"line":192,"column":93}},"89":{"start":{"line":193,"column":26},"end":{"line":193,"column":80}},"90":{"start":{"line":194,"column":8},"end":{"line":197,"column":43}},"91":{"start":{"line":201,"column":20},"end":{"line":233,"column":1}},"92":{"start":{"line":202,"column":17},"end":{"line":202,"column":45}},"93":{"start":{"line":203,"column":17},"end":{"line":203,"column":34}},"94":{"start":{"line":204,"column":19},"end":{"line":204,"column":39}},"95":{"start":{"line":205,"column":4},"end":{"line":232,"column":5}},"96":{"start":{"line":206,"column":8},"end":{"line":206,"column":36}},"97":{"start":{"line":207,"column":29},"end":{"line":207,"column":55}},"98":{"start":{"line":208,"column":23},"end":{"line":215,"column":10}},"99":{"start":{"line":216,"column":24},"end":{"line":216,"column":41}},"100":{"start":{"line":217,"column":8},"end":{"line":217,"column":74}},"101":{"start":{"line":218,"column":8},"end":{"line":218,"column":59}},"102":{"start":{"line":219,"column":8},"end":{"line":219,"column":37}},"103":{"start":{"line":222,"column":8},"end":{"line":222,"column":48}},"104":{"start":{"line":223,"column":8},"end":{"line":223,"column":44}},"105":{"start":{"line":225,"column":8},"end":{"line":225,"column":61}},"106":{"start":{"line":227,"column":8},"end":{"line":227,"column":39}},"107":{"start":{"line":228,"column":8},"end":{"line":228,"column":59}},"108":{"start":{"line":229,"column":8},"end":{"line":229,"column":80}},"109":{"start":{"line":231,"column":8},"end":{"line":231,"column":25}},"110":{"start":{"line":235,"column":22},"end":{"line":268,"column":1}},"111":{"start":{"line":236,"column":17},"end":{"line":239,"column":5}},"112":{"start":{"line":240,"column":14},"end":{"line":240,"column":127}},"113":{"start":{"line":241,"column":21},"end":{"line":241,"column":22}},"114":{"start":{"line":243,"column":4},"end":{"line":251,"column":5}},"115":{"start":{"line":244,"column":25},"end":{"line":244,"column":75}},"116":{"start":{"line":244,"column":42},"end":{"line":244,"column":74}},"117":{"start":{"line":245,"column":8},"end":{"line":250,"column":9}},"118":{"start":{"line":246,"column":29},"end":{"line":246,"column":105}},"119":{"start":{"line":247,"column":12},"end":{"line":247,"column":25}},"120":{"start":{"line":248,"column":12},"end":{"line":248,"column":50}},"121":{"start":{"line":249,"column":12},"end":{"line":249,"column":34}},"122":{"start":{"line":253,"column":4},"end":{"line":253,"column":17}},"123":{"start":{"line":254,"column":4},"end":{"line":254,"column":40}},"124":{"start":{"line":255,"column":4},"end":{"line":255,"column":25}},"125":{"start":{"line":257,"column":4},"end":{"line":257,"column":36}},"126":{"start":{"line":259,"column":4},"end":{"line":262,"column":5}},"127":{"start":{"line":260,"column":8},"end":{"line":260,"column":90}},"128":{"start":{"line":261,"column":8},"end":{"line":261,"column":63}},"129":{"start":{"line":264,"column":4},"end":{"line":267,"column":5}},"130":{"start":{"line":265,"column":8},"end":{"line":265,"column":86}},"131":{"start":{"line":266,"column":8},"end":{"line":266,"column":55}},"132":{"start":{"line":270,"column":20},"end":{"line":297,"column":1}},"133":{"start":{"line":271,"column":20},"end":{"line":271,"column":33}},"134":{"start":{"line":272,"column":17},"end":{"line":272,"column":45}},"135":{"start":{"line":273,"column":17},"end":{"line":273,"column":34}},"136":{"start":{"line":274,"column":19},"end":{"line":274,"column":39}},"137":{"start":{"line":275,"column":4},"end":{"line":296,"column":5}},"138":{"start":{"line":276,"column":22},"end":{"line":276,"column":98}},"139":{"start":{"line":277,"column":8},"end":{"line":277,"column":97}},"140":{"start":{"line":277,"column":37},"end":{"line":277,"column":97}},"141":{"start":{"line":278,"column":8},"end":{"line":278,"column":110}},"142":{"start":{"line":278,"column":53},"end":{"line":278,"column":110}},"143":{"start":{"line":280,"column":8},"end":{"line":280,"column":36}},"144":{"start":{"line":281,"column":8},"end":{"line":281,"column":62}},"145":{"start":{"line":282,"column":8},"end":{"line":282,"column":37}},"146":{"start":{"line":285,"column":8},"end":{"line":285,"column":48}},"147":{"start":{"line":286,"column":8},"end":{"line":286,"column":44}},"148":{"start":{"line":287,"column":8},"end":{"line":287,"column":45}},"149":{"start":{"line":289,"column":8},"end":{"line":289,"column":41}},"150":{"start":{"line":291,"column":8},"end":{"line":291,"column":51}},"151":{"start":{"line":291,"column":20},"end":{"line":291,"column":51}},"152":{"start":{"line":292,"column":8},"end":{"line":292,"column":60}},"153":{"start":{"line":293,"column":8},"end":{"line":293,"column":76}},"154":{"start":{"line":295,"column":8},"end":{"line":295,"column":37}},"155":{"start":{"line":295,"column":20},"end":{"line":295,"column":37}},"156":{"start":{"line":299,"column":25},"end":{"line":337,"column":1}},"157":{"start":{"line":300,"column":4},"end":{"line":336,"column":5}},"158":{"start":{"line":301,"column":8},"end":{"line":301,"column":56}},"159":{"start":{"line":302,"column":62},"end":{"line":302,"column":70}},"160":{"start":{"line":303,"column":28},"end":{"line":303,"column":57}},"161":{"start":{"line":304,"column":21},"end":{"line":304,"column":38}},"162":{"start":{"line":305,"column":25},"end":{"line":305,"column":98}},"163":{"start":{"line":306,"column":8},"end":{"line":306,"column":94}},"164":{"start":{"line":306,"column":40},"end":{"line":306,"column":94}},"165":{"start":{"line":307,"column":22},"end":{"line":307,"column":38}},"166":{"start":{"line":308,"column":21},"end":{"line":308,"column":32}},"167":{"start":{"line":309,"column":8},"end":{"line":312,"column":9}},"168":{"start":{"line":310,"column":22},"end":{"line":310,"column":137}},"169":{"start":{"line":311,"column":12},"end":{"line":311,"column":57}},"170":{"start":{"line":311,"column":35},"end":{"line":311,"column":57}},"171":{"start":{"line":313,"column":8},"end":{"line":313,"column":205}},"172":{"start":{"line":314,"column":18},"end":{"line":314,"column":92}},"173":{"start":{"line":315,"column":8},"end":{"line":315,"column":77}},"174":{"start":{"line":315,"column":31},"end":{"line":315,"column":77}},"175":{"start":{"line":318,"column":8},"end":{"line":329,"column":11}},"176":{"start":{"line":319,"column":34},"end":{"line":319,"column":55}},"177":{"start":{"line":320,"column":12},"end":{"line":328,"column":13}},"178":{"start":{"line":321,"column":28},"end":{"line":321,"column":79}},"179":{"start":{"line":321,"column":57},"end":{"line":321,"column":78}},"180":{"start":{"line":322,"column":16},"end":{"line":327,"column":17}},"181":{"start":{"line":323,"column":20},"end":{"line":326,"column":21}},"182":{"start":{"line":324,"column":24},"end":{"line":324,"column":113}},"183":{"start":{"line":325,"column":24},"end":{"line":325,"column":61}},"184":{"start":{"line":330,"column":8},"end":{"line":330,"column":51}},"185":{"start":{"line":332,"column":8},"end":{"line":332,"column":44}},"186":{"start":{"line":334,"column":8},"end":{"line":334,"column":25}},"187":{"start":{"line":335,"column":8},"end":{"line":335,"column":83}},"188":{"start":{"line":339,"column":28},"end":{"line":364,"column":1}},"189":{"start":{"line":340,"column":4},"end":{"line":363,"column":81}},"190":{"start":{"line":341,"column":23},"end":{"line":341,"column":117}},"191":{"start":{"line":342,"column":21},"end":{"line":342,"column":38}},"192":{"start":{"line":343,"column":18},"end":{"line":343,"column":84}},"193":{"start":{"line":343,"column":95},"end":{"line":343,"column":123}},"194":{"start":{"line":344,"column":8},"end":{"line":344,"column":77}},"195":{"start":{"line":344,"column":22},"end":{"line":344,"column":54}},"196":{"start":{"line":344,"column":55},"end":{"line":344,"column":75}},"197":{"start":{"line":345,"column":18},"end":{"line":345,"column":47}},"198":{"start":{"line":346,"column":8},"end":{"line":346,"column":84}},"199":{"start":{"line":346,"column":30},"end":{"line":346,"column":84}},"200":{"start":{"line":349,"column":8},"end":{"line":359,"column":11}},"201":{"start":{"line":350,"column":34},"end":{"line":350,"column":55}},"202":{"start":{"line":351,"column":12},"end":{"line":358,"column":13}},"203":{"start":{"line":352,"column":28},"end":{"line":352,"column":79}},"204":{"start":{"line":352,"column":57},"end":{"line":352,"column":78}},"205":{"start":{"line":353,"column":16},"end":{"line":357,"column":17}},"206":{"start":{"line":354,"column":37},"end":{"line":354,"column":90}},"207":{"start":{"line":355,"column":20},"end":{"line":355,"column":77}},"208":{"start":{"line":356,"column":20},"end":{"line":356,"column":57}},"209":{"start":{"line":360,"column":8},"end":{"line":360,"column":51}},"210":{"start":{"line":362,"column":8},"end":{"line":362,"column":46}},"211":{"start":{"line":363,"column":18},"end":{"line":363,"column":35}},"212":{"start":{"line":363,"column":36},"end":{"line":363,"column":79}},"213":{"start":{"line":366,"column":21},"end":{"line":375,"column":1}},"214":{"start":{"line":367,"column":4},"end":{"line":374,"column":81}},"215":{"start":{"line":368,"column":21},"end":{"line":368,"column":38}},"216":{"start":{"line":369,"column":22},"end":{"line":369,"column":104}},"217":{"start":{"line":370,"column":8},"end":{"line":370,"column":91}},"218":{"start":{"line":370,"column":37},"end":{"line":370,"column":91}},"219":{"start":{"line":371,"column":8},"end":{"line":371,"column":110}},"220":{"start":{"line":371,"column":53},"end":{"line":371,"column":110}},"221":{"start":{"line":372,"column":18},"end":{"line":372,"column":330}},"222":{"start":{"line":373,"column":8},"end":{"line":373,"column":41}},"223":{"start":{"line":374,"column":18},"end":{"line":374,"column":35}},"224":{"start":{"line":374,"column":36},"end":{"line":374,"column":79}},"225":{"start":{"line":377,"column":29},"end":{"line":389,"column":1}},"226":{"start":{"line":378,"column":4},"end":{"line":388,"column":81}},"227":{"start":{"line":379,"column":27},"end":{"line":379,"column":35}},"228":{"start":{"line":380,"column":8},"end":{"line":380,"column":119}},"229":{"start":{"line":380,"column":67},"end":{"line":380,"column":119}},"230":{"start":{"line":381,"column":21},"end":{"line":381,"column":38}},"231":{"start":{"line":382,"column":22},"end":{"line":382,"column":104}},"232":{"start":{"line":383,"column":8},"end":{"line":383,"column":91}},"233":{"start":{"line":383,"column":37},"end":{"line":383,"column":91}},"234":{"start":{"line":384,"column":8},"end":{"line":384,"column":110}},"235":{"start":{"line":384,"column":53},"end":{"line":384,"column":110}},"236":{"start":{"line":385,"column":18},"end":{"line":385,"column":157}},"237":{"start":{"line":386,"column":8},"end":{"line":386,"column":84}},"238":{"start":{"line":386,"column":30},"end":{"line":386,"column":84}},"239":{"start":{"line":387,"column":8},"end":{"line":387,"column":41}},"240":{"start":{"line":388,"column":18},"end":{"line":388,"column":35}},"241":{"start":{"line":388,"column":36},"end":{"line":388,"column":79}},"242":{"start":{"line":391,"column":20},"end":{"line":418,"column":1}},"243":{"start":{"line":392,"column":4},"end":{"line":417,"column":81}},"244":{"start":{"line":393,"column":21},"end":{"line":393,"column":38}},"245":{"start":{"line":394,"column":22},"end":{"line":394,"column":104}},"246":{"start":{"line":395,"column":8},"end":{"line":395,"column":91}},"247":{"start":{"line":395,"column":37},"end":{"line":395,"column":91}},"248":{"start":{"line":396,"column":8},"end":{"line":396,"column":110}},"249":{"start":{"line":396,"column":53},"end":{"line":396,"column":110}},"250":{"start":{"line":397,"column":23},"end":{"line":397,"column":43}},"251":{"start":{"line":398,"column":8},"end":{"line":416,"column":37}},"252":{"start":{"line":399,"column":12},"end":{"line":399,"column":40}},"253":{"start":{"line":400,"column":23},"end":{"line":400,"column":36}},"254":{"start":{"line":401,"column":12},"end":{"line":401,"column":85}},"255":{"start":{"line":402,"column":12},"end":{"line":402,"column":83}},"256":{"start":{"line":403,"column":12},"end":{"line":403,"column":88}},"257":{"start":{"line":404,"column":12},"end":{"line":404,"column":88}},"258":{"start":{"line":405,"column":12},"end":{"line":405,"column":89}},"259":{"start":{"line":406,"column":12},"end":{"line":406,"column":75}},"260":{"start":{"line":407,"column":12},"end":{"line":407,"column":41}},"261":{"start":{"line":410,"column":12},"end":{"line":410,"column":52}},"262":{"start":{"line":411,"column":12},"end":{"line":411,"column":48}},"263":{"start":{"line":412,"column":12},"end":{"line":412,"column":44}},"264":{"start":{"line":414,"column":12},"end":{"line":414,"column":45}},"265":{"start":{"line":415,"column":24},"end":{"line":415,"column":55}},"266":{"start":{"line":415,"column":56},"end":{"line":415,"column":66}},"267":{"start":{"line":416,"column":18},"end":{"line":416,"column":35}},"268":{"start":{"line":417,"column":18},"end":{"line":417,"column":35}},"269":{"start":{"line":417,"column":36},"end":{"line":417,"column":79}},"270":{"start":{"line":420,"column":0},"end":{"line":432,"column":2}}},"fnMap":{"0":{"name":"(anonymous_0)","decl":{"start":{"line":6,"column":21},"end":{"line":6,"column":22}},"loc":{"start":{"line":6,"column":41},"end":{"line":46,"column":1}},"line":6},"1":{"name":"(anonymous_1)","decl":{"start":{"line":48,"column":28},"end":{"line":48,"column":29}},"loc":{"start":{"line":48,"column":48},"end":{"line":64,"column":1}},"line":48},"2":{"name":"(anonymous_2)","decl":{"start":{"line":66,"column":24},"end":{"line":66,"column":25}},"loc":{"start":{"line":66,"column":44},"end":{"line":82,"column":1}},"line":66},"3":{"name":"(anonymous_3)","decl":{"start":{"line":84,"column":21},"end":{"line":84,"column":22}},"loc":{"start":{"line":84,"column":41},"end":{"line":128,"column":1}},"line":84},"4":{"name":"(anonymous_4)","decl":{"start":{"line":130,"column":24},"end":{"line":130,"column":25}},"loc":{"start":{"line":130,"column":35},"end":{"line":135,"column":1}},"line":130},"5":{"name":"(anonymous_5)","decl":{"start":{"line":132,"column":32},"end":{"line":132,"column":33}},"loc":{"start":{"line":132,"column":37},"end":{"line":132,"column":68}},"line":132},"6":{"name":"(anonymous_6)","decl":{"start":{"line":137,"column":27},"end":{"line":137,"column":28}},"loc":{"start":{"line":137,"column":37},"end":{"line":154,"column":1}},"line":137},"7":{"name":"(anonymous_7)","decl":{"start":{"line":156,"column":24},"end":{"line":156,"column":25}},"loc":{"start":{"line":156,"column":75},"end":{"line":187,"column":1}},"line":156},"8":{"name":"(anonymous_8)","decl":{"start":{"line":189,"column":25},"end":{"line":189,"column":26}},"loc":{"start":{"line":189,"column":59},"end":{"line":199,"column":1}},"line":189},"9":{"name":"(anonymous_9)","decl":{"start":{"line":201,"column":20},"end":{"line":201,"column":21}},"loc":{"start":{"line":201,"column":40},"end":{"line":233,"column":1}},"line":201},"10":{"name":"(anonymous_10)","decl":{"start":{"line":235,"column":22},"end":{"line":235,"column":23}},"loc":{"start":{"line":235,"column":62},"end":{"line":268,"column":1}},"line":235},"11":{"name":"(anonymous_11)","decl":{"start":{"line":244,"column":36},"end":{"line":244,"column":37}},"loc":{"start":{"line":244,"column":42},"end":{"line":244,"column":74}},"line":244},"12":{"name":"(anonymous_12)","decl":{"start":{"line":270,"column":20},"end":{"line":270,"column":21}},"loc":{"start":{"line":270,"column":40},"end":{"line":297,"column":1}},"line":270},"13":{"name":"(anonymous_13)","decl":{"start":{"line":299,"column":25},"end":{"line":299,"column":26}},"loc":{"start":{"line":299,"column":45},"end":{"line":337,"column":1}},"line":299},"14":{"name":"(anonymous_14)","decl":{"start":{"line":318,"column":59},"end":{"line":318,"column":60}},"loc":{"start":{"line":318,"column":66},"end":{"line":329,"column":9}},"line":318},"15":{"name":"(anonymous_15)","decl":{"start":{"line":321,"column":52},"end":{"line":321,"column":53}},"loc":{"start":{"line":321,"column":57},"end":{"line":321,"column":78}},"line":321},"16":{"name":"(anonymous_16)","decl":{"start":{"line":339,"column":28},"end":{"line":339,"column":29}},"loc":{"start":{"line":339,"column":48},"end":{"line":364,"column":1}},"line":339},"17":{"name":"(anonymous_17)","decl":{"start":{"line":349,"column":59},"end":{"line":349,"column":60}},"loc":{"start":{"line":349,"column":66},"end":{"line":359,"column":9}},"line":349},"18":{"name":"(anonymous_18)","decl":{"start":{"line":352,"column":52},"end":{"line":352,"column":53}},"loc":{"start":{"line":352,"column":57},"end":{"line":352,"column":78}},"line":352},"19":{"name":"(anonymous_19)","decl":{"start":{"line":366,"column":21},"end":{"line":366,"column":22}},"loc":{"start":{"line":366,"column":41},"end":{"line":375,"column":1}},"line":366},"20":{"name":"(anonymous_20)","decl":{"start":{"line":377,"column":29},"end":{"line":377,"column":30}},"loc":{"start":{"line":377,"column":49},"end":{"line":389,"column":1}},"line":377},"21":{"name":"(anonymous_21)","decl":{"start":{"line":391,"column":20},"end":{"line":391,"column":21}},"loc":{"start":{"line":391,"column":40},"end":{"line":418,"column":1}},"line":391}},"branchMap":{"0":{"loc":{"start":{"line":8,"column":22},"end":{"line":8,"column":53}},"type":"binary-expr","locations":[{"start":{"line":8,"column":22},"end":{"line":8,"column":47}},{"start":{"line":8,"column":51},"end":{"line":8,"column":53}}],"line":8},"1":{"loc":{"start":{"line":9,"column":23},"end":{"line":9,"column":54}},"type":"binary-expr","locations":[{"start":{"line":9,"column":23},"end":{"line":9,"column":49}},{"start":{"line":9,"column":53},"end":{"line":9,"column":54}}],"line":9},"2":{"loc":{"start":{"line":10,"column":27},"end":{"line":10,"column":81}},"type":"cond-expr","locations":[{"start":{"line":10,"column":62},"end":{"line":10,"column":68}},{"start":{"line":10,"column":71},"end":{"line":10,"column":81}}],"line":10},"3":{"loc":{"start":{"line":16,"column":8},"end":{"line":20,"column":9}},"type":"if","locations":[{"start":{"line":16,"column":8},"end":{"line":20,"column":9}},{"start":{},"end":{}}],"line":16},"4":{"loc":{"start":{"line":23,"column":31},"end":{"line":23,"column":65}},"type":"cond-expr","locations":[{"start":{"line":23,"column":55},"end":{"line":23,"column":58}},{"start":{"line":23,"column":61},"end":{"line":23,"column":65}}],"line":23},"5":{"loc":{"start":{"line":24,"column":26},"end":{"line":24,"column":64}},"type":"cond-expr","locations":[{"start":{"line":24,"column":50},"end":{"line":24,"column":56}},{"start":{"line":24,"column":59},"end":{"line":24,"column":64}}],"line":24},"6":{"loc":{"start":{"line":88,"column":8},"end":{"line":88,"column":54}},"type":"if","locations":[{"start":{"line":88,"column":8},"end":{"line":88,"column":54}},{"start":{},"end":{}}],"line":88},"7":{"loc":{"start":{"line":98,"column":8},"end":{"line":98,"column":98}},"type":"if","locations":[{"start":{"line":98,"column":8},"end":{"line":98,"column":98}},{"start":{},"end":{}}],"line":98},"8":{"loc":{"start":{"line":131,"column":4},"end":{"line":131,"column":65}},"type":"if","locations":[{"start":{"line":131,"column":4},"end":{"line":131,"column":65}},{"start":{},"end":{}}],"line":131},"9":{"loc":{"start":{"line":131,"column":8},"end":{"line":131,"column":36}},"type":"binary-expr","locations":[{"start":{"line":131,"column":8},"end":{"line":131,"column":14}},{"start":{"line":131,"column":18},"end":{"line":131,"column":36}}],"line":131},"10":{"loc":{"start":{"line":133,"column":4},"end":{"line":133,"column":46}},"type":"if","locations":[{"start":{"line":133,"column":4},"end":{"line":133,"column":46}},{"start":{},"end":{}}],"line":133},"11":{"loc":{"start":{"line":134,"column":11},"end":{"line":134,"column":87}},"type":"cond-expr","locations":[{"start":{"line":134,"column":54},"end":{"line":134,"column":71}},{"start":{"line":134,"column":74},"end":{"line":134,"column":87}}],"line":134},"12":{"loc":{"start":{"line":147,"column":22},"end":{"line":147,"column":51}},"type":"binary-expr","locations":[{"start":{"line":147,"column":22},"end":{"line":147,"column":34}},{"start":{"line":147,"column":38},"end":{"line":147,"column":51}}],"line":147},"13":{"loc":{"start":{"line":148,"column":18},"end":{"line":148,"column":93}},"type":"cond-expr","locations":[{"start":{"line":148,"column":66},"end":{"line":148,"column":86}},{"start":{"line":148,"column":89},"end":{"line":148,"column":93}}],"line":148},"14":{"loc":{"start":{"line":148,"column":19},"end":{"line":148,"column":62}},"type":"binary-expr","locations":[{"start":{"line":148,"column":19},"end":{"line":148,"column":41}},{"start":{"line":148,"column":45},"end":{"line":148,"column":62}}],"line":148},"15":{"loc":{"start":{"line":149,"column":19},"end":{"line":149,"column":97}},"type":"cond-expr","locations":[{"start":{"line":149,"column":69},"end":{"line":149,"column":90}},{"start":{"line":149,"column":93},"end":{"line":149,"column":97}}],"line":149},"16":{"loc":{"start":{"line":149,"column":20},"end":{"line":149,"column":65}},"type":"binary-expr","locations":[{"start":{"line":149,"column":20},"end":{"line":149,"column":43}},{"start":{"line":149,"column":47},"end":{"line":149,"column":65}}],"line":149},"17":{"loc":{"start":{"line":150,"column":26},"end":{"line":150,"column":182}},"type":"cond-expr","locations":[{"start":{"line":150,"column":62},"end":{"line":150,"column":118}},{"start":{"line":150,"column":123},"end":{"line":150,"column":181}}],"line":150},"18":{"loc":{"start":{"line":150,"column":62},"end":{"line":150,"column":118}},"type":"binary-expr","locations":[{"start":{"line":150,"column":62},"end":{"line":150,"column":89}},{"start":{"line":150,"column":93},"end":{"line":150,"column":118}}],"line":150},"19":{"loc":{"start":{"line":150,"column":123},"end":{"line":150,"column":181}},"type":"binary-expr","locations":[{"start":{"line":150,"column":123},"end":{"line":150,"column":151}},{"start":{"line":150,"column":155},"end":{"line":150,"column":181}}],"line":150},"20":{"loc":{"start":{"line":151,"column":19},"end":{"line":151,"column":42}},"type":"binary-expr","locations":[{"start":{"line":151,"column":19},"end":{"line":151,"column":28}},{"start":{"line":151,"column":32},"end":{"line":151,"column":42}}],"line":151},"21":{"loc":{"start":{"line":159,"column":22},"end":{"line":159,"column":87}},"type":"cond-expr","locations":[{"start":{"line":159,"column":54},"end":{"line":159,"column":75}},{"start":{"line":159,"column":78},"end":{"line":159,"column":87}}],"line":159},"22":{"loc":{"start":{"line":163,"column":4},"end":{"line":166,"column":5}},"type":"if","locations":[{"start":{"line":163,"column":4},"end":{"line":166,"column":5}},{"start":{},"end":{}}],"line":163},"23":{"loc":{"start":{"line":163,"column":8},"end":{"line":163,"column":48}},"type":"binary-expr","locations":[{"start":{"line":163,"column":8},"end":{"line":163,"column":20}},{"start":{"line":163,"column":24},"end":{"line":163,"column":48}}],"line":163},"24":{"loc":{"start":{"line":164,"column":26},"end":{"line":164,"column":74}},"type":"cond-expr","locations":[{"start":{"line":164,"column":40},"end":{"line":164,"column":61}},{"start":{"line":164,"column":64},"end":{"line":164,"column":74}}],"line":164},"25":{"loc":{"start":{"line":168,"column":26},"end":{"line":168,"column":59}},"type":"binary-expr","locations":[{"start":{"line":168,"column":26},"end":{"line":168,"column":40}},{"start":{"line":168,"column":44},"end":{"line":168,"column":59}}],"line":168},"26":{"loc":{"start":{"line":169,"column":32},"end":{"line":169,"column":77}},"type":"binary-expr","locations":[{"start":{"line":169,"column":32},"end":{"line":169,"column":52}},{"start":{"line":169,"column":56},"end":{"line":169,"column":77}}],"line":169},"27":{"loc":{"start":{"line":170,"column":29},"end":{"line":170,"column":68}},"type":"binary-expr","locations":[{"start":{"line":170,"column":29},"end":{"line":170,"column":46}},{"start":{"line":170,"column":50},"end":{"line":170,"column":68}}],"line":170},"28":{"loc":{"start":{"line":172,"column":8},"end":{"line":175,"column":9}},"type":"if","locations":[{"start":{"line":172,"column":8},"end":{"line":175,"column":9}},{"start":{},"end":{}}],"line":172},"29":{"loc":{"start":{"line":183,"column":12},"end":{"line":183,"column":43}},"type":"binary-expr","locations":[{"start":{"line":183,"column":12},"end":{"line":183,"column":37}},{"start":{"line":183,"column":41},"end":{"line":183,"column":43}}],"line":183},"30":{"loc":{"start":{"line":184,"column":12},"end":{"line":184,"column":39}},"type":"binary-expr","locations":[{"start":{"line":184,"column":12},"end":{"line":184,"column":34}},{"start":{"line":184,"column":38},"end":{"line":184,"column":39}}],"line":184},"31":{"loc":{"start":{"line":190,"column":4},"end":{"line":190,"column":45}},"type":"if","locations":[{"start":{"line":190,"column":4},"end":{"line":190,"column":45}},{"start":{},"end":{}}],"line":190},"32":{"loc":{"start":{"line":190,"column":8},"end":{"line":190,"column":36}},"type":"binary-expr","locations":[{"start":{"line":190,"column":8},"end":{"line":190,"column":14}},{"start":{"line":190,"column":18},"end":{"line":190,"column":36}}],"line":190},"33":{"loc":{"start":{"line":192,"column":25},"end":{"line":192,"column":93}},"type":"cond-expr","locations":[{"start":{"line":192,"column":68},"end":{"line":192,"column":81}},{"start":{"line":192,"column":84},"end":{"line":192,"column":93}}],"line":192},"34":{"loc":{"start":{"line":193,"column":26},"end":{"line":193,"column":80}},"type":"cond-expr","locations":[{"start":{"line":193,"column":63},"end":{"line":193,"column":70}},{"start":{"line":193,"column":73},"end":{"line":193,"column":80}}],"line":193},"35":{"loc":{"start":{"line":212,"column":12},"end":{"line":212,"column":30}},"type":"binary-expr","locations":[{"start":{"line":212,"column":12},"end":{"line":212,"column":22}},{"start":{"line":212,"column":26},"end":{"line":212,"column":30}}],"line":212},"36":{"loc":{"start":{"line":212,"column":32},"end":{"line":212,"column":56}},"type":"binary-expr","locations":[{"start":{"line":212,"column":32},"end":{"line":212,"column":48}},{"start":{"line":212,"column":52},"end":{"line":212,"column":56}}],"line":212},"37":{"loc":{"start":{"line":212,"column":58},"end":{"line":212,"column":83}},"type":"binary-expr","locations":[{"start":{"line":212,"column":58},"end":{"line":212,"column":75}},{"start":{"line":212,"column":79},"end":{"line":212,"column":83}}],"line":212},"38":{"loc":{"start":{"line":243,"column":4},"end":{"line":251,"column":5}},"type":"if","locations":[{"start":{"line":243,"column":4},"end":{"line":251,"column":5}},{"start":{},"end":{}}],"line":243},"39":{"loc":{"start":{"line":243,"column":8},"end":{"line":243,"column":33}},"type":"binary-expr","locations":[{"start":{"line":243,"column":8},"end":{"line":243,"column":13}},{"start":{"line":243,"column":17},"end":{"line":243,"column":33}}],"line":243},"40":{"loc":{"start":{"line":245,"column":8},"end":{"line":250,"column":9}},"type":"if","locations":[{"start":{"line":245,"column":8},"end":{"line":250,"column":9}},{"start":{},"end":{}}],"line":245},"41":{"loc":{"start":{"line":246,"column":29},"end":{"line":246,"column":105}},"type":"cond-expr","locations":[{"start":{"line":246,"column":72},"end":{"line":246,"column":89}},{"start":{"line":246,"column":92},"end":{"line":246,"column":105}}],"line":246},"42":{"loc":{"start":{"line":259,"column":4},"end":{"line":262,"column":5}},"type":"if","locations":[{"start":{"line":259,"column":4},"end":{"line":262,"column":5}},{"start":{},"end":{}}],"line":259},"43":{"loc":{"start":{"line":264,"column":4},"end":{"line":267,"column":5}},"type":"if","locations":[{"start":{"line":264,"column":4},"end":{"line":267,"column":5}},{"start":{},"end":{}}],"line":264},"44":{"loc":{"start":{"line":264,"column":8},"end":{"line":264,"column":33}},"type":"binary-expr","locations":[{"start":{"line":264,"column":8},"end":{"line":264,"column":13}},{"start":{"line":264,"column":17},"end":{"line":264,"column":33}}],"line":264},"45":{"loc":{"start":{"line":277,"column":8},"end":{"line":277,"column":97}},"type":"if","locations":[{"start":{"line":277,"column":8},"end":{"line":277,"column":97}},{"start":{},"end":{}}],"line":277},"46":{"loc":{"start":{"line":278,"column":8},"end":{"line":278,"column":110}},"type":"if","locations":[{"start":{"line":278,"column":8},"end":{"line":278,"column":110}},{"start":{},"end":{}}],"line":278},"47":{"loc":{"start":{"line":291,"column":8},"end":{"line":291,"column":51}},"type":"if","locations":[{"start":{"line":291,"column":8},"end":{"line":291,"column":51}},{"start":{},"end":{}}],"line":291},"48":{"loc":{"start":{"line":295,"column":8},"end":{"line":295,"column":37}},"type":"if","locations":[{"start":{"line":295,"column":8},"end":{"line":295,"column":37}},{"start":{},"end":{}}],"line":295},"49":{"loc":{"start":{"line":303,"column":28},"end":{"line":303,"column":57}},"type":"binary-expr","locations":[{"start":{"line":303,"column":28},"end":{"line":303,"column":38}},{"start":{"line":303,"column":42},"end":{"line":303,"column":57}}],"line":303},"50":{"loc":{"start":{"line":306,"column":8},"end":{"line":306,"column":94}},"type":"if","locations":[{"start":{"line":306,"column":8},"end":{"line":306,"column":94}},{"start":{},"end":{}}],"line":306},"51":{"loc":{"start":{"line":309,"column":8},"end":{"line":312,"column":9}},"type":"if","locations":[{"start":{"line":309,"column":8},"end":{"line":312,"column":9}},{"start":{},"end":{}}],"line":309},"52":{"loc":{"start":{"line":311,"column":12},"end":{"line":311,"column":57}},"type":"if","locations":[{"start":{"line":311,"column":12},"end":{"line":311,"column":57}},{"start":{},"end":{}}],"line":311},"53":{"loc":{"start":{"line":313,"column":154},"end":{"line":313,"column":202}},"type":"cond-expr","locations":[{"start":{"line":313,"column":180},"end":{"line":313,"column":189}},{"start":{"line":313,"column":192},"end":{"line":313,"column":202}}],"line":313},"54":{"loc":{"start":{"line":315,"column":8},"end":{"line":315,"column":77}},"type":"if","locations":[{"start":{"line":315,"column":8},"end":{"line":315,"column":77}},{"start":{},"end":{}}],"line":315},"55":{"loc":{"start":{"line":320,"column":12},"end":{"line":328,"column":13}},"type":"if","locations":[{"start":{"line":320,"column":12},"end":{"line":328,"column":13}},{"start":{},"end":{}}],"line":320},"56":{"loc":{"start":{"line":322,"column":16},"end":{"line":327,"column":17}},"type":"if","locations":[{"start":{"line":322,"column":16},"end":{"line":327,"column":17}},{"start":{},"end":{}}],"line":322},"57":{"loc":{"start":{"line":323,"column":20},"end":{"line":326,"column":21}},"type":"if","locations":[{"start":{"line":323,"column":20},"end":{"line":326,"column":21}},{"start":{},"end":{}}],"line":323},"58":{"loc":{"start":{"line":324,"column":60},"end":{"line":324,"column":107}},"type":"binary-expr","locations":[{"start":{"line":324,"column":60},"end":{"line":324,"column":102}},{"start":{"line":324,"column":106},"end":{"line":324,"column":107}}],"line":324},"59":{"loc":{"start":{"line":341,"column":23},"end":{"line":341,"column":117}},"type":"binary-expr","locations":[{"start":{"line":341,"column":23},"end":{"line":341,"column":42}},{"start":{"line":341,"column":46},"end":{"line":341,"column":67}},{"start":{"line":341,"column":71},"end":{"line":341,"column":91}},{"start":{"line":341,"column":95},"end":{"line":341,"column":117}}],"line":341},"60":{"loc":{"start":{"line":344,"column":8},"end":{"line":344,"column":77}},"type":"if","locations":[{"start":{"line":344,"column":8},"end":{"line":344,"column":77}},{"start":{},"end":{}}],"line":344},"61":{"loc":{"start":{"line":346,"column":8},"end":{"line":346,"column":84}},"type":"if","locations":[{"start":{"line":346,"column":8},"end":{"line":346,"column":84}},{"start":{},"end":{}}],"line":346},"62":{"loc":{"start":{"line":351,"column":12},"end":{"line":358,"column":13}},"type":"if","locations":[{"start":{"line":351,"column":12},"end":{"line":358,"column":13}},{"start":{},"end":{}}],"line":351},"63":{"loc":{"start":{"line":353,"column":16},"end":{"line":357,"column":17}},"type":"if","locations":[{"start":{"line":353,"column":16},"end":{"line":357,"column":17}},{"start":{},"end":{}}],"line":353},"64":{"loc":{"start":{"line":354,"column":38},"end":{"line":354,"column":85}},"type":"binary-expr","locations":[{"start":{"line":354,"column":38},"end":{"line":354,"column":80}},{"start":{"line":354,"column":84},"end":{"line":354,"column":85}}],"line":354},"65":{"loc":{"start":{"line":370,"column":8},"end":{"line":370,"column":91}},"type":"if","locations":[{"start":{"line":370,"column":8},"end":{"line":370,"column":91}},{"start":{},"end":{}}],"line":370},"66":{"loc":{"start":{"line":371,"column":8},"end":{"line":371,"column":110}},"type":"if","locations":[{"start":{"line":371,"column":8},"end":{"line":371,"column":110}},{"start":{},"end":{}}],"line":371},"67":{"loc":{"start":{"line":380,"column":8},"end":{"line":380,"column":119}},"type":"if","locations":[{"start":{"line":380,"column":8},"end":{"line":380,"column":119}},{"start":{},"end":{}}],"line":380},"68":{"loc":{"start":{"line":383,"column":8},"end":{"line":383,"column":91}},"type":"if","locations":[{"start":{"line":383,"column":8},"end":{"line":383,"column":91}},{"start":{},"end":{}}],"line":383},"69":{"loc":{"start":{"line":384,"column":8},"end":{"line":384,"column":110}},"type":"if","locations":[{"start":{"line":384,"column":8},"end":{"line":384,"column":110}},{"start":{},"end":{}}],"line":384},"70":{"loc":{"start":{"line":386,"column":8},"end":{"line":386,"column":84}},"type":"if","locations":[{"start":{"line":386,"column":8},"end":{"line":386,"column":84}},{"start":{},"end":{}}],"line":386},"71":{"loc":{"start":{"line":395,"column":8},"end":{"line":395,"column":91}},"type":"if","locations":[{"start":{"line":395,"column":8},"end":{"line":395,"column":91}},{"start":{},"end":{}}],"line":395},"72":{"loc":{"start":{"line":396,"column":8},"end":{"line":396,"column":110}},"type":"if","locations":[{"start":{"line":396,"column":8},"end":{"line":396,"column":110}},{"start":{},"end":{}}],"line":396}},"s":{"0":4,"1":4,"2":4,"3":4,"4":4,"5":1,"6":1,"7":1,"8":1,"9":1,"10":1,"11":1,"12":0,"13":0,"14":1,"15":1,"16":1,"17":1,"18":1,"19":1,"20":1,"21":0,"22":0,"23":4,"24":0,"25":0,"26":0,"27":0,"28":0,"29":0,"30":4,"31":0,"32":0,"33":0,"34":0,"35":0,"36":0,"37":4,"38":0,"39":0,"40":0,"41":0,"42":0,"43":0,"44":0,"45":0,"46":0,"47":0,"48":0,"49":0,"50":0,"51":0,"52":0,"53":0,"54":0,"55":0,"56":0,"57":4,"58":0,"59":0,"60":0,"61":0,"62":0,"63":0,"64":0,"65":4,"66":1,"67":1,"68":4,"69":0,"70":0,"71":0,"72":0,"73":0,"74":0,"75":0,"76":0,"77":0,"78":0,"79":0,"80":0,"81":0,"82":0,"83":0,"84":4,"85":0,"86":0,"87":0,"88":0,"89":0,"90":0,"91":4,"92":1,"93":1,"94":1,"95":0,"96":0,"97":0,"98":0,"99":0,"100":0,"101":0,"102":0,"103":0,"104":0,"105":0,"106":0,"107":0,"108":0,"109":0,"110":4,"111":0,"112":0,"113":0,"114":0,"115":0,"116":0,"117":0,"118":0,"119":0,"120":0,"121":0,"122":0,"123":0,"124":0,"125":0,"126":0,"127":0,"128":0,"129":0,"130":0,"131":0,"132":4,"133":0,"134":0,"135":0,"136":0,"137":0,"138":0,"139":0,"140":0,"141":0,"142":0,"143":0,"144":0,"145":0,"146":0,"147":0,"148":0,"149":0,"150":0,"151":0,"152":0,"153":0,"154":0,"155":0,"156":4,"157":2,"158":2,"159":2,"160":2,"161":2,"162":2,"163":2,"164":0,"165":2,"166":2,"167":2,"168":0,"169":0,"170":0,"171":2,"172":2,"173":2,"174":0,"175":0,"176":0,"177":0,"178":0,"179":0,"180":0,"181":0,"182":0,"183":0,"184":0,"185":0,"186":2,"187":2,"188":4,"189":0,"190":0,"191":0,"192":0,"193":0,"194":0,"195":0,"196":0,"197":0,"198":0,"199":0,"200":0,"201":0,"202":0,"203":0,"204":0,"205":0,"206":0,"207":0,"208":0,"209":0,"210":0,"211":0,"212":0,"213":4,"214":0,"215":0,"216":0,"217":0,"218":0,"219":0,"220":0,"221":0,"222":0,"223":0,"224":0,"225":4,"226":0,"227":0,"228":0,"229":0,"230":0,"231":0,"232":0,"233":0,"234":0,"235":0,"236":0,"237":0,"238":0,"239":0,"240":0,"241":0,"242":4,"243":2,"244":2,"245":2,"246":2,"247":0,"248":1,"249":1,"250":0,"251":0,"252":0,"253":0,"254":0,"255":0,"256":0,"257":0,"258":0,"259":0,"260":0,"261":0,"262":0,"263":0,"264":0,"265":0,"266":0,"267":0,"268":1,"269":1,"270":4},"f":{"0":1,"1":0,"2":0,"3":0,"4":0,"5":0,"6":1,"7":0,"8":0,"9":1,"10":0,"11":0,"12":0,"13":2,"14":0,"15":0,"16":0,"17":0,"18":0,"19":0,"20":0,"21":2},"b":{"0":[1,1],"1":[1,1],"2":[0,1],"3":[0,1],"4":[0,1],"5":[0,1],"6":[0,0],"7":[0,0],"8":[0,0],"9":[0,0],"10":[0,0],"11":[0,0],"12":[1,0],"13":[1,0],"14":[1,1],"15":[1,0],"16":[1,1],"17":[0,1],"18":[0,0],"19":[1,1],"20":[1,0],"21":[0,0],"22":[0,0],"23":[0,0],"24":[0,0],"25":[0,0],"26":[0,0],"27":[0,0],"28":[0,0],"29":[0,0],"30":[0,0],"31":[0,0],"32":[0,0],"33":[0,0],"34":[0,0],"35":[0,0],"36":[0,0],"37":[0,0],"38":[0,0],"39":[0,0],"40":[0,0],"41":[0,0],"42":[0,0],"43":[0,0],"44":[0,0],"45":[0,0],"46":[0,0],"47":[0,0],"48":[0,0],"49":[2,0],"50":[0,2],"51":[0,2],"52":[0,0],"53":[0,2],"54":[0,0],"55":[0,0],"56":[0,0],"57":[0,0],"58":[0,0],"59":[0,0,0,0],"60":[0,0],"61":[0,0],"62":[0,0],"63":[0,0],"64":[0,0],"65":[0,0],"66":[0,0],"67":[0,0],"68":[0,0],"69":[0,0],"70":[0,0],"71":[0,1],"72":[1,0]},"_coverageSchema":"1a1c01bbd47fc00a2c39e90264f33305004495a9","hash":"71ac69e70ee53f58132c0871476394f240fb20ab"}
[...]
,"E:\\yby_vibe\\backend\\utils\\auth.js": {"path":"E:\\yby_vibe\\backend\\utils\\auth.js","statementMap":{"0":{"start":{"line":1,"column":12},"end":{"line":1,"column":35}},"1":{"start":{"line":3,"column":13},"end":{"line":23,"column":1}},"2":{"start":{"line":4,"column":18},"end":{"line":4,"column":44}},"3":{"start":{"line":7,"column":4},"end":{"line":9,"column":5}},"4":{"start":{"line":8,"column":8},"end":{"line":8,"column":83}},"5":{"start":{"line":12,"column":4},"end":{"line":22,"column":5}},"6":{"start":{"line":13,"column":23},"end":{"line":13,"column":57}},"7":{"start":{"line":14,"column":24},"end":{"line":14,"column":49}},"8":{"start":{"line":15,"column":8},"end":{"line":15,"column":32}},"9":{"start":{"line":16,"column":8},"end":{"line":16,"column":15}},"10":{"start":{"line":18,"column":8},"end":{"line":18,"column":57}},"11":{"start":{"line":19,"column":8},"end":{"line":19,"column":45}},"12":{"start":{"line":20,"column":8},"end":{"line":20,"column":83}},"13":{"start":{"line":21,"column":8},"end":{"line":21,"column":64}},"14":{"start":{"line":25,"column":0},"end":{"line":25,"column":22}}},"fnMap":{"0":{"name":"(anonymous_0)","decl":{"start":{"line":3,"column":13},"end":{"line":3,"column":14}},"loc":{"start":{"line":3,"column":33},"end":{"line":23,"column":1}},"line":3}},"branchMap":{"0":{"loc":{"start":{"line":7,"column":4},"end":{"line":9,"column":5}},"type":"if","locations":[{"start":{"line":7,"column":4},"end":{"line":9,"column":5}},{"start":{},"end":{}}],"line":7},"1":{"loc":{"start":{"line":13,"column":23},"end":{"line":13,"column":57}},"type":"binary-expr","locations":[{"start":{"line":13,"column":23},"end":{"line":13,"column":45}},{"start":{"line":13,"column":49},"end":{"line":13,"column":57}}],"line":13},"2":{"loc":{"start":{"line":20,"column":32},"end":{"line":20,"column":81}},"type":"cond-expr","locations":[{"start":{"line":20,"column":41},"end":{"line":20,"column":71}},{"start":{"line":20,"column":75},"end":{"line":20,"column":81}}],"line":20}},"s":{"0":4,"1":4,"2":17,"3":17,"4":2,"5":15,"6":15,"7":15,"8":14,"9":14,"10":1,"11":1,"12":1,"13":1,"14":4},"f":{"0":17},"b":{"0":[2,15],"1":[15,0],"2":[1,0]},"_coverageSchema":"1a1c01bbd47fc00a2c39e90264f33305004495a9","hash":"693877850a30f0bec100c1e6ba912aaeb710fbce"}
,"E:\\yby_vibe\\backend\\utils\\cacheService.js": {"path":"E:\\yby_vibe\\backend\\utils\\cacheService.js","statementMap":{"0":{"start":{"line":1,"column":18},"end":{"line":1,"column":39}},"1":{"start":{"line":5,"column":14},"end":{"line":5,"column":61}},"2":{"start":{"line":10,"column":21},"end":{"line":33,"column":1}},"3":{"start":{"line":11,"column":18},"end":{"line":11,"column":32}},"4":{"start":{"line":12,"column":30},"end":{"line":12,"column":56}},"5":{"start":{"line":13,"column":18},"end":{"line":13,"column":32}},"6":{"start":{"line":14,"column":17},"end":{"line":14,"column":33}},"7":{"start":{"line":22,"column":23},"end":{"line":22,"column":46}},"8":{"start":{"line":23,"column":8},"end":{"line":30,"column":9}},"9":{"start":{"line":24,"column":26},"end":{"line":24,"column":65}},"10":{"start":{"line":24,"column":48},"end":{"line":24,"column":64}},"11":{"start":{"line":25,"column":12},"end":{"line":29,"column":13}},"12":{"start":{"line":26,"column":16},"end":{"line":26,"column":65}},"13":{"start":{"line":27,"column":16},"end":{"line":27,"column":48}},"14":{"start":{"line":28,"column":16},"end":{"line":28,"column":28}},"15":{"start":{"line":31,"column":8},"end":{"line":31,"column":21}},"16":{"start":{"line":35,"column":0},"end":{"line":35,"column":30}}},"fnMap":{"0":{"name":"(anonymous_0)","decl":{"start":{"line":11,"column":9},"end":{"line":11,"column":10}},"loc":{"start":{"line":11,"column":18},"end":{"line":11,"column":32}},"line":11},"1":{"name":"(anonymous_1)","decl":{"start":{"line":12,"column":9},"end":{"line":12,"column":10}},"loc":{"start":{"line":12,"column":30},"end":{"line":12,"column":56}},"line":12},"2":{"name":"(anonymous_2)","decl":{"start":{"line":13,"column":9},"end":{"line":13,"column":10}},"loc":{"start":{"line":13,"column":18},"end":{"line":13,"column":32}},"line":13},"3":{"name":"(anonymous_3)","decl":{"start":{"line":14,"column":11},"end":{"line":14,"column":12}},"loc":{"start":{"line":14,"column":17},"end":{"line":14,"column":33}},"line":14},"4":{"name":"(anonymous_4)","decl":{"start":{"line":21,"column":23},"end":{"line":21,"column":24}},"loc":{"start":{"line":21,"column":45},"end":{"line":32,"column":5}},"line":21},"5":{"name":"(anonymous_5)","decl":{"start":{"line":24,"column":43},"end":{"line":24,"column":44}},"loc":{"start":{"line":24,"column":48},"end":{"line":24,"column":64}},"line":24}},"branchMap":{"0":{"loc":{"start":{"line":23,"column":8},"end":{"line":30,"column":9}},"type":"if","locations":[{"start":{"line":23,"column":8},"end":{"line":30,"column":9}},{"start":{},"end":{}}],"line":23},"1":{"loc":{"start":{"line":23,"column":12},"end":{"line":23,"column":43}},"type":"binary-expr","locations":[{"start":{"line":23,"column":12},"end":{"line":23,"column":18}},{"start":{"line":23,"column":22},"end":{"line":23,"column":43}}],"line":23},"2":{"loc":{"start":{"line":25,"column":12},"end":{"line":29,"column":13}},"type":"if","locations":[{"start":{"line":25,"column":12},"end":{"line":29,"column":13}},{"start":{},"end":{}}],"line":25}},"s":{"0":4,"1":4,"2":4,"3":1,"4":1,"5":0,"6":0,"7":0,"8":0,"9":0,"10":0,"11":0,"12":0,"13":0,"14":0,"15":0,"16":4},"f":{"0":1,"1":1,"2":0,"3":0,"4":0,"5":0},"b":{"0":[0,0],"1":[0,0],"2":[0,0]},"_coverageSchema":"1a1c01bbd47fc00a2c39e90264f33305004495a9","hash":"1094f05f36bcd675930d5fbec12c3087274fb6a0"}
,"E:\\yby_vibe\\backend\\utils\\logger.js": {"path":"E:\\yby_vibe\\backend\\utils\\logger.js","statementMap":{"0":{"start":{"line":1,"column":13},"end":{"line":1,"column":28}},"1":{"start":{"line":3,"column":14},"end":{"line":3,"column":86}},"2":{"start":{"line":6,"column":18},"end":{"line":15,"column":15}},"3":{"start":{"line":17,"column":15},"end":{"line":21,"column":2}},"4":{"start":{"line":23,"column":0},"end":{"line":23,"column":24}}},"fnMap":{},"branchMap":{"0":{"loc":{"start":{"line":3,"column":14},"end":{"line":3,"column":86}},"type":"binary-expr","locations":[{"start":{"line":3,"column":14},"end":{"line":3,"column":51}},{"start":{"line":3,"column":55},"end":{"line":3,"column":86}}],"line":3},"1":{"loc":{"start":{"line":6,"column":18},"end":{"line":15,"column":15}},"type":"cond-expr","locations":[{"start":{"line":7,"column":6},"end":{"line":14,"column":5}},{"start":{"line":15,"column":6},"end":{"line":15,"column":15}}],"line":6},"2":{"loc":{"start":{"line":18,"column":11},"end":{"line":18,"column":89}},"type":"cond-expr","locations":[{"start":{"line":18,"column":45},"end":{"line":18,"column":53}},{"start":{"line":18,"column":57},"end":{"line":18,"column":88}}],"line":18},"3":{"loc":{"start":{"line":18,"column":57},"end":{"line":18,"column":88}},"type":"binary-expr","locations":[{"start":{"line":18,"column":57},"end":{"line":18,"column":78}},{"start":{"line":18,"column":82},"end":{"line":18,"column":88}}],"line":18}},"s":{"0":5,"1":5,"2":5,"3":5,"4":5},"f":{},"b":{"0":[5,5],"1":[0,5],"2":[5,0],"3":[0,0]},"_coverageSchema":"1a1c01bbd47fc00a2c39e90264f33305004495a9","hash":"7ef374d747e2db09178e3d7d5f451d4fac932872"}
,"E:\\yby_vibe\\backend\\utils\\mailer.js": {"path":"E:\\yby_vibe\\backend\\utils\\mailer.js","statementMap":{"0":{"start":{"line":1,"column":19},"end":{"line":1,"column":40}},"1":{"start":{"line":2,"column":0},"end":{"line":2,"column":27}},"2":{"start":{"line":6,"column":25},"end":{"line":30,"column":1}},"3":{"start":{"line":7,"column":4},"end":{"line":29,"column":5}},"4":{"start":{"line":8,"column":8},"end":{"line":8,"column":55}},"5":{"start":{"line":9,"column":8},"end":{"line":15,"column":11}},"6":{"start":{"line":17,"column":8},"end":{"line":17,"column":91}},"7":{"start":{"line":18,"column":28},"end":{"line":18,"column":64}},"8":{"start":{"line":19,"column":8},"end":{"line":27,"column":11}},"9":{"start":{"line":28,"column":8},"end":{"line":28,"column":80}},"10":{"start":{"line":32,"column":30},"end":{"line":50,"column":1}},"11":{"start":{"line":33,"column":4},"end":{"line":33,"column":47}},"12":{"start":{"line":33,"column":22},"end":{"line":33,"column":47}},"13":{"start":{"line":35,"column":24},"end":{"line":40,"column":5}},"14":{"start":{"line":42,"column":4},"end":{"line":49,"column":5}},"15":{"start":{"line":43,"column":21},"end":{"line":43,"column":60}},"16":{"start":{"line":44,"column":8},"end":{"line":44,"column":66}},"17":{"start":{"line":45,"column":27},"end":{"line":45,"column":61}},"18":{"start":{"line":46,"column":8},"end":{"line":46,"column":66}},"19":{"start":{"line":46,"column":24},"end":{"line":46,"column":66}},"20":{"start":{"line":48,"column":8},"end":{"line":48,"column":62}},"21":{"start":{"line":52,"column":31},"end":{"line":81,"column":1}},"22":{"start":{"line":53,"column":4},"end":{"line":53,"column":47}},"23":{"start":{"line":53,"column":22},"end":{"line":53,"column":47}},"24":{"start":{"line":55,"column":21},"end":{"line":55,"column":112}},"25":{"start":{"line":56,"column":24},"end":{"line":66,"column":5}},"26":{"start":{"line":68,"column":4},"end":{"line":80,"column":5}},"27":{"start":{"line":69,"column":21},"end":{"line":69,"column":60}},"28":{"start":{"line":70,"column":8},"end":{"line":70,"column":68}},"29":{"start":{"line":71,"column":27},"end":{"line":71,"column":61}},"30":{"start":{"line":72,"column":8},"end":{"line":77,"column":9}},"31":{"start":{"line":73,"column":12},"end":{"line":73,"column":71}},"32":{"start":{"line":74,"column":12},"end":{"line":74,"column":68}},"33":{"start":{"line":75,"column":12},"end":{"line":75,"column":57}},"34":{"start":{"line":76,"column":12},"end":{"line":76,"column":71}},"35":{"start":{"line":79,"column":8},"end":{"line":79,"column":68}},"36":{"start":{"line":83,"column":0},"end":{"line":83,"column":67}}},"fnMap":{"0":{"name":"(anonymous_0)","decl":{"start":{"line":6,"column":25},"end":{"line":6,"column":26}},"loc":{"start":{"line":6,"column":37},"end":{"line":30,"column":1}},"line":6},"1":{"name":"(anonymous_1)","decl":{"start":{"line":32,"column":30},"end":{"line":32,"column":31}},"loc":{"start":{"line":32,"column":58},"end":{"line":50,"column":1}},"line":32},"2":{"name":"(anonymous_2)","decl":{"start":{"line":52,"column":31},"end":{"line":52,"column":32}},"loc":{"start":{"line":52,"column":57},"end":{"line":81,"column":1}},"line":52}},"branchMap":{"0":{"loc":{"start":{"line":7,"column":4},"end":{"line":29,"column":5}},"type":"if","locations":[{"start":{"line":7,"column":4},"end":{"line":29,"column":5}},{"start":{"line":16,"column":11},"end":{"line":29,"column":5}}],"line":7},"1":{"loc":{"start":{"line":7,"column":8},"end":{"line":7,"column":106}},"type":"binary-expr","locations":[{"start":{"line":7,"column":8},"end":{"line":7,"column":30}},{"start":{"line":7,"column":34},"end":{"line":7,"column":56}},{"start":{"line":7,"column":60},"end":{"line":7,"column":106}}],"line":7},"2":{"loc":{"start":{"line":33,"column":4},"end":{"line":33,"column":47}},"type":"if","locations":[{"start":{"line":33,"column":4},"end":{"line":33,"column":47}},{"start":{},"end":{}}],"line":33},"3":{"loc":{"start":{"line":36,"column":14},"end":{"line":36,"column":60}},"type":"binary-expr","locations":[{"start":{"line":36,"column":14},"end":{"line":36,"column":36}},{"start":{"line":36,"column":40},"end":{"line":36,"column":60}}],"line":36},"4":{"loc":{"start":{"line":46,"column":8},"end":{"line":46,"column":66}},"type":"if","locations":[{"start":{"line":46,"column":8},"end":{"line":46,"column":66}},{"start":{},"end":{}}],"line":46},"5":{"loc":{"start":{"line":53,"column":4},"end":{"line":53,"column":47}},"type":"if","locations":[{"start":{"line":53,"column":4},"end":{"line":53,"column":47}},{"start":{},"end":{}}],"line":53},"6":{"loc":{"start":{"line":55,"column":24},"end":{"line":55,"column":75}},"type":"binary-expr","locations":[{"start":{"line":55,"column":24},"end":{"line":55,"column":48}},{"start":{"line":55,"column":52},"end":{"line":55,"column":75}}],"line":55},"7":{"loc":{"start":{"line":57,"column":14},"end":{"line":57,"column":60}},"type":"binary-expr","locations":[{"start":{"line":57,"column":14},"end":{"line":57,"column":36}},{"start":{"line":57,"column":40},"end":{"line":57,"column":60}}],"line":57},"8":{"loc":{"start":{"line":72,"column":8},"end":{"line":77,"column":9}},"type":"if","locations":[{"start":{"line":72,"column":8},"end":{"line":77,"column":9}},{"start":{},"end":{}}],"line":72}},"s":{"0":3,"1":3,"2":3,"3":0,"4":0,"5":0,"6":0,"7":0,"8":0,"9":0,"10":3,"11":0,"12":0,"13":0,"14":0,"15":0,"16":0,"17":0,"18":0,"19":0,"20":0,"21":3,"22":0,"23":0,"24":0,"25":0,"26":0,"27":0,"28":0,"29":0,"30":0,"31":0,"32":0,"33":0,"34":0,"35":0,"36":3},"f":{"0":0,"1":0,"2":0},"b":{"0":[0,0],"1":[0,0,0],"2":[0,0],"3":[0,0],"4":[0,0],"5":[0,0],"6":[0,0],"7":[0,0],"8":[0,0]},"_coverageSchema":"1a1c01bbd47fc00a2c39e90264f33305004495a9","hash":"3e6246399fb414f30dd7890fb2cb8348fc67efc6"}
,"E:\\yby_vibe\\backend\\utils\\mapper.js": {"path":"E:\\yby_vibe\\backend\\utils\\mapper.js","statementMap":{"0":{"start":{"line":1,"column":14},"end":{"line":1,"column":16}},"1":{"start":{"line":3,"column":20},"end":{"line":8,"column":1}},"2":{"start":{"line":4,"column":4},"end":{"line":4,"column":48}},"3":{"start":{"line":4,"column":25},"end":{"line":4,"column":48}},"4":{"start":{"line":5,"column":21},"end":{"line":5,"column":74}},"5":{"start":{"line":5,"column":55},"end":{"line":5,"column":73}},"6":{"start":{"line":6,"column":4},"end":{"line":6,"column":31}},"7":{"start":{"line":7,"column":4},"end":{"line":7,"column":20}},"8":{"start":{"line":10,"column":23},"end":{"line":21,"column":1}},"9":{"start":{"line":11,"column":4},"end":{"line":19,"column":5}},"10":{"start":{"line":12,"column":8},"end":{"line":12,"column":47}},"11":{"start":{"line":12,"column":28},"end":{"line":12,"column":45}},"12":{"start":{"line":13,"column":11},"end":{"line":19,"column":5}},"13":{"start":{"line":14,"column":8},"end":{"line":18,"column":15}},"14":{"start":{"line":15,"column":29},"end":{"line":15,"column":45}},"15":{"start":{"line":16,"column":12},"end":{"line":16,"column":53}},"16":{"start":{"line":17,"column":12},"end":{"line":17,"column":23}},"17":{"start":{"line":20,"column":4},"end":{"line":20,"column":15}},"18":{"start":{"line":23,"column":0},"end":{"line":23,"column":36}}},"fnMap":{"0":{"name":"(anonymous_0)","decl":{"start":{"line":3,"column":20},"end":{"line":3,"column":21}},"loc":{"start":{"line":3,"column":34},"end":{"line":8,"column":1}},"line":3},"1":{"name":"(anonymous_1)","decl":{"start":{"line":5,"column":48},"end":{"line":5,"column":49}},"loc":{"start":{"line":5,"column":55},"end":{"line":5,"column":73}},"line":5},"2":{"name":"(anonymous_2)","decl":{"start":{"line":10,"column":23},"end":{"line":10,"column":24}},"loc":{"start":{"line":10,"column":32},"end":{"line":21,"column":1}},"line":10},"3":{"name":"(anonymous_3)","decl":{"start":{"line":12,"column":23},"end":{"line":12,"column":24}},"loc":{"start":{"line":12,"column":28},"end":{"line":12,"column":45}},"line":12},"4":{"name":"(anonymous_4)","decl":{"start":{"line":14,"column":39},"end":{"line":14,"column":40}},"loc":{"start":{"line":14,"column":53},"end":{"line":18,"column":9}},"line":14}},"branchMap":{"0":{"loc":{"start":{"line":4,"column":4},"end":{"line":4,"column":48}},"type":"if","locations":[{"start":{"line":4,"column":4},"end":{"line":4,"column":48}},{"start":{},"end":{}}],"line":4},"1":{"loc":{"start":{"line":11,"column":4},"end":{"line":19,"column":5}},"type":"if","locations":[{"start":{"line":11,"column":4},"end":{"line":19,"column":5}},{"start":{"line":13,"column":11},"end":{"line":19,"column":5}}],"line":11},"2":{"loc":{"start":{"line":13,"column":11},"end":{"line":19,"column":5}},"type":"if","locations":[{"start":{"line":13,"column":11},"end":{"line":19,"column":5}},{"start":{},"end":{}}],"line":13},"3":{"loc":{"start":{"line":13,"column":15},"end":{"line":13,"column":57}},"type":"binary-expr","locations":[{"start":{"line":13,"column":15},"end":{"line":13,"column":27}},{"start":{"line":13,"column":31},"end":{"line":13,"column":57}}],"line":13}},"s":{"0":4,"1":4,"2":16,"3":8,"4":8,"5":0,"6":8,"7":8,"8":4,"9":21,"10":1,"11":1,"12":20,"13":4,"14":16,"15":16,"16":16,"17":16,"18":4},"f":{"0":16,"1":0,"2":21,"3":1,"4":16},"b":{"0":[8,8],"1":[1,20],"2":[4,16],"3":[20,20]},"_coverageSchema":"1a1c01bbd47fc00a2c39e90264f33305004495a9","hash":"b6ea1be661fba42cd8f95c968317b422690ceefa"}
,"E:\\yby_vibe\\backend\\utils\\response.js": {"path":"E:\\yby_vibe\\backend\\utils\\response.js","statementMap":{"0":{"start":{"line":1,"column":16},"end":{"line":6,"column":1}},"1":{"start":{"line":2,"column":4},"end":{"line":5,"column":7}},"2":{"start":{"line":8,"column":14},"end":{"line":14,"column":1}},"3":{"start":{"line":9,"column":4},"end":{"line":13,"column":7}},"4":{"start":{"line":16,"column":18},"end":{"line":26,"column":1}},"5":{"start":{"line":17,"column":4},"end":{"line":25,"column":7}},"6":{"start":{"line":28,"column":0},"end":{"line":32,"column":2}}},"fnMap":{"0":{"name":"(anonymous_0)","decl":{"start":{"line":1,"column":16},"end":{"line":1,"column":17}},"loc":{"start":{"line":1,"column":49},"end":{"line":6,"column":1}},"line":1},"1":{"name":"(anonymous_1)","decl":{"start":{"line":8,"column":14},"end":{"line":8,"column":15}},"loc":{"start":{"line":8,"column":72},"end":{"line":14,"column":1}},"line":8},"2":{"name":"(anonymous_2)","decl":{"start":{"line":16,"column":18},"end":{"line":16,"column":19}},"loc":{"start":{"line":16,"column":53},"end":{"line":26,"column":1}},"line":16}},"branchMap":{"0":{"loc":{"start":{"line":1,"column":28},"end":{"line":1,"column":44}},"type":"default-arg","locations":[{"start":{"line":1,"column":41},"end":{"line":1,"column":44}}],"line":1},"1":{"loc":{"start":{"line":8,"column":29},"end":{"line":8,"column":45}},"type":"default-arg","locations":[{"start":{"line":8,"column":42},"end":{"line":8,"column":45}}],"line":8},"2":{"loc":{"start":{"line":8,"column":47},"end":{"line":8,"column":67}},"type":"default-arg","locations":[{"start":{"line":8,"column":54},"end":{"line":8,"column":67}}],"line":8}},"s":{"0":5,"1":0,"2":5,"3":4,"4":5,"5":0,"6":5},"f":{"0":0,"1":4,"2":0},"b":{"0":[0],"1":[0],"2":[0]},"_coverageSchema":"1a1c01bbd47fc00a2c39e90264f33305004495a9","hash":"4693f88cd1423ce6fbc8ca35178a28c22bb8e2ba"}
}
