TN:
SF:server.js
FN:14,(anonymous_0)
FN:19,(anonymous_1)
FN:37,(anonymous_2)
FN:37,(anonymous_3)
FN:44,(anonymous_4)
FN:66,(anonymous_5)
FN:84,(anonymous_6)
FNF:7
FNH:3
FNDA:0,(anonymous_0)
FNDA:0,(anonymous_1)
FNDA:4,(anonymous_2)
FNDA:4,(anonymous_3)
FNDA:25,(anonymous_4)
FNDA:0,(anonymous_5)
FNDA:0,(anonymous_6)
DA:1,4
DA:2,4
DA:3,4
DA:4,4
DA:5,4
DA:7,4
DA:8,4
DA:9,4
DA:10,4
DA:11,4
DA:14,4
DA:15,0
DA:16,0
DA:19,4
DA:20,0
DA:21,0
DA:25,4
DA:28,4
DA:31,4
DA:34,4
DA:37,4
DA:38,4
DA:41,4
DA:43,4
DA:46,25
DA:48,0
DA:54,0
DA:55,0
DA:57,0
DA:58,0
DA:63,4
DA:66,4
DA:69,4
DA:72,4
DA:73,4
DA:74,4
DA:75,4
DA:76,4
DA:79,4
DA:81,4
DA:83,4
DA:84,0
DA:87,4
LF:43
LH:33
BRDA:37,0,0,4
BRDA:37,0,1,4
BRDA:46,1,0,25
BRDA:46,1,1,0
BRDA:48,2,0,0
BRDA:48,2,1,0
BRDA:48,2,2,0
BRDA:48,2,3,0
BRDA:48,2,4,0
BRDA:54,3,0,0
BRDA:54,3,1,0
BRDA:81,4,0,4
BRDA:81,4,1,0
BRDA:83,5,0,0
BRDA:83,5,1,4
BRF:15
BRH:5
end_of_record
TN:
SF:controllers\aiController.js
FN:6,(anonymous_0)
FN:29,(anonymous_1)
FN:55,(anonymous_2)
FNF:3
FNH:1
FNDA:1,(anonymous_0)
FNDA:0,(anonymous_1)
FNDA:0,(anonymous_2)
DA:1,4
DA:2,4
DA:3,4
DA:6,4
DA:7,1
DA:8,1
DA:10,1
DA:11,0
DA:15,1
DA:18,0
DA:23,1
DA:24,1
DA:29,4
DA:30,0
DA:31,0
DA:33,0
DA:34,0
DA:37,0
DA:39,0
DA:40,0
DA:43,0
DA:49,0
DA:50,0
DA:55,4
DA:56,0
DA:57,0
DA:58,0
DA:60,0
DA:70,0
DA:72,0
DA:73,0
DA:77,4
LF:32
LH:13
BRDA:10,0,0,0
BRDA:10,0,1,1
BRDA:10,1,0,1
BRDA:10,1,1,1
BRDA:24,2,0,1
BRDA:24,2,1,0
BRDA:33,3,0,0
BRDA:33,3,1,0
BRDA:33,4,0,0
BRDA:33,4,1,0
BRDA:33,4,2,0
BRDA:33,4,3,0
BRDA:39,5,0,0
BRDA:39,5,1,0
BRDA:50,6,0,0
BRDA:50,6,1,0
BRF:16
BRH:4
end_of_record
TN:
SF:controllers\authController.js
FN:8,(anonymous_0)
FN:36,(anonymous_1)
FN:48,(anonymous_2)
FN:49,(anonymous_3)
FN:72,(anonymous_4)
FN:91,(anonymous_5)
FN:103,(anonymous_6)
FN:104,(anonymous_7)
FN:117,(anonymous_8)
FN:131,(anonymous_9)
FN:144,(anonymous_10)
FN:156,(anonymous_11)
FN:174,(anonymous_12)
FN:183,(anonymous_13)
FN:192,(anonymous_14)
FNF:15
FNH:5
FNDA:2,(anonymous_0)
FNDA:3,(anonymous_1)
FNDA:1,(anonymous_2)
FNDA:1,(anonymous_3)
FNDA:0,(anonymous_4)
FNDA:0,(anonymous_5)
FNDA:0,(anonymous_6)
FNDA:0,(anonymous_7)
FNDA:0,(anonymous_8)
FNDA:0,(anonymous_9)
FNDA:0,(anonymous_10)
FNDA:0,(anonymous_11)
FNDA:0,(anonymous_12)
FNDA:1,(anonymous_13)
FNDA:0,(anonymous_14)
DA:1,4
DA:2,4
DA:3,4
DA:4,4
DA:5,4
DA:6,4
DA:8,4
DA:9,2
DA:10,2
DA:11,2
DA:12,2
DA:13,0
DA:15,2
DA:16,2
DA:17,0
DA:18,0
DA:19,0
DA:20,0
DA:21,0
DA:24,2
DA:26,2
DA:27,2
DA:28,2
DA:29,1
DA:31,1
DA:32,0
DA:36,4
DA:37,3
DA:38,3
DA:39,3
DA:40,3
DA:41,3
DA:42,3
DA:43,2
DA:45,1
DA:46,1
DA:48,1
DA:49,1
DA:50,1
DA:51,1
DA:55,1
DA:56,1
DA:57,1
DA:59,1
DA:61,1
DA:67,0
DA:68,0
DA:72,4
DA:73,0
DA:74,0
DA:75,0
DA:76,0
DA:77,0
DA:78,0
DA:79,0
DA:80,0
DA:81,0
DA:82,0
DA:84,0
DA:85,0
DA:86,0
DA:87,0
DA:88,0
DA:91,4
DA:92,0
DA:93,0
DA:94,0
DA:95,0
DA:96,0
DA:97,0
DA:98,0
DA:99,0
DA:100,0
DA:101,0
DA:103,0
DA:104,0
DA:105,0
DA:106,0
DA:110,0
DA:112,0
DA:113,0
DA:117,4
DA:118,0
DA:119,0
DA:120,0
DA:121,0
DA:122,0
DA:123,0
DA:124,0
DA:125,0
DA:126,0
DA:127,0
DA:128,0
DA:131,4
DA:132,0
DA:133,0
DA:134,0
DA:135,0
DA:136,0
DA:137,0
DA:138,0
DA:139,0
DA:140,0
DA:141,0
DA:144,4
DA:145,0
DA:146,0
DA:147,0
DA:148,0
DA:149,0
DA:150,0
DA:151,0
DA:152,0
DA:153,0
DA:156,4
DA:157,0
DA:158,0
DA:159,0
DA:160,0
DA:161,0
DA:162,0
DA:163,0
DA:164,0
DA:165,0
DA:167,0
DA:168,0
DA:169,0
DA:170,0
DA:171,0
DA:174,4
DA:175,0
DA:176,0
DA:177,0
DA:178,0
DA:179,0
DA:180,0
DA:183,4
DA:184,1
DA:185,1
DA:186,1
DA:187,1
DA:188,1
DA:189,0
DA:192,4
DA:193,0
DA:194,0
DA:195,0
DA:196,0
DA:197,0
DA:199,0
DA:200,0
DA:203,4
LF:152
LH:53
BRDA:12,0,0,0
BRDA:12,0,1,2
BRDA:12,1,0,2
BRDA:12,1,1,2
BRDA:12,1,2,2
BRDA:12,1,3,2
BRDA:12,1,4,2
BRDA:12,1,5,2
BRDA:16,2,0,0
BRDA:16,2,1,2
BRDA:18,3,0,0
BRDA:18,3,1,0
BRDA:20,4,0,0
BRDA:20,4,1,0
BRDA:21,5,0,0
BRDA:21,5,1,0
BRDA:24,6,0,0
BRDA:24,6,1,2
BRDA:31,7,0,1
BRDA:31,7,1,0
BRDA:42,8,0,2
BRDA:42,8,1,1
BRDA:42,9,0,3
BRDA:42,9,1,2
BRDA:46,10,0,1
BRDA:46,10,1,0
BRDA:50,11,0,0
BRDA:50,11,1,1
BRDA:77,12,0,0
BRDA:77,12,1,0
BRDA:79,13,0,0
BRDA:79,13,1,0
BRDA:79,14,0,0
BRDA:79,14,1,0
BRDA:94,15,0,0
BRDA:94,15,1,0
BRDA:97,16,0,0
BRDA:97,16,1,0
BRDA:99,17,0,0
BRDA:99,17,1,0
BRDA:101,18,0,0
BRDA:101,18,1,0
BRDA:105,19,0,0
BRDA:105,19,1,0
BRDA:122,20,0,0
BRDA:122,20,1,0
BRDA:136,21,0,0
BRDA:136,21,1,0
BRDA:149,22,0,0
BRDA:149,22,1,0
BRDA:161,23,0,0
BRDA:161,23,1,0
BRDA:163,24,0,0
BRDA:163,24,1,0
BRDA:163,25,0,0
BRDA:163,25,1,0
BRDA:171,26,0,0
BRDA:171,26,1,0
BRDA:178,27,0,0
BRDA:178,27,1,0
BRDA:187,28,0,0
BRDA:187,28,1,1
BRDA:195,29,0,0
BRDA:195,29,1,0
BRF:64
BRH:17
end_of_record
TN:
SF:controllers\eventController.js
FN:6,(anonymous_0)
FN:48,(anonymous_1)
FN:66,(anonymous_2)
FN:84,(anonymous_3)
FN:130,(anonymous_4)
FN:132,(anonymous_5)
FN:137,(anonymous_6)
FN:156,(anonymous_7)
FN:189,(anonymous_8)
FN:201,(anonymous_9)
FN:235,(anonymous_10)
FN:244,(anonymous_11)
FN:270,(anonymous_12)
FN:299,(anonymous_13)
FN:318,(anonymous_14)
FN:321,(anonymous_15)
FN:339,(anonymous_16)
FN:349,(anonymous_17)
FN:352,(anonymous_18)
FN:366,(anonymous_19)
FN:377,(anonymous_20)
FN:391,(anonymous_21)
FNF:22
FNH:5
FNDA:1,(anonymous_0)
FNDA:0,(anonymous_1)
FNDA:0,(anonymous_2)
FNDA:0,(anonymous_3)
FNDA:0,(anonymous_4)
FNDA:0,(anonymous_5)
FNDA:1,(anonymous_6)
FNDA:0,(anonymous_7)
FNDA:0,(anonymous_8)
FNDA:1,(anonymous_9)
FNDA:0,(anonymous_10)
FNDA:0,(anonymous_11)
FNDA:0,(anonymous_12)
FNDA:2,(anonymous_13)
FNDA:0,(anonymous_14)
FNDA:0,(anonymous_15)
FNDA:0,(anonymous_16)
FNDA:0,(anonymous_17)
FNDA:0,(anonymous_18)
FNDA:0,(anonymous_19)
FNDA:0,(anonymous_20)
FNDA:2,(anonymous_21)
DA:1,4
DA:2,4
DA:3,4
DA:4,4
DA:6,4
DA:7,1
DA:8,1
DA:9,1
DA:10,1
DA:13,1
DA:14,1
DA:16,1
DA:18,0
DA:19,0
DA:22,1
DA:23,1
DA:24,1
DA:27,1
DA:38,1
DA:39,1
DA:41,1
DA:43,0
DA:44,0
DA:48,4
DA:49,0
DA:50,0
DA:51,0
DA:59,0
DA:61,0
DA:62,0
DA:66,4
DA:67,0
DA:68,0
DA:69,0
DA:77,0
DA:79,0
DA:80,0
DA:84,4
DA:85,0
DA:86,0
DA:87,0
DA:88,0
DA:90,0
DA:91,0
DA:98,0
DA:100,0
DA:101,0
DA:109,0
DA:110,0
DA:117,0
DA:118,0
DA:121,0
DA:123,0
DA:125,0
DA:126,0
DA:130,4
DA:131,0
DA:132,0
DA:133,0
DA:134,0
DA:137,4
DA:142,1
DA:144,1
DA:156,4
DA:157,0
DA:158,0
DA:159,0
DA:161,0
DA:163,0
DA:164,0
DA:165,0
DA:167,0
DA:168,0
DA:169,0
DA:170,0
DA:172,0
DA:173,0
DA:174,0
DA:177,0
DA:189,4
DA:190,0
DA:191,0
DA:192,0
DA:193,0
DA:194,0
DA:201,4
DA:202,1
DA:203,1
DA:204,1
DA:205,0
DA:206,0
DA:207,0
DA:208,0
DA:216,0
DA:217,0
DA:218,0
DA:219,0
DA:222,0
DA:223,0
DA:225,0
DA:227,0
DA:228,0
DA:229,0
DA:231,0
DA:235,4
DA:236,0
DA:240,0
DA:241,0
DA:243,0
DA:244,0
DA:245,0
DA:246,0
DA:247,0
DA:248,0
DA:249,0
DA:253,0
DA:254,0
DA:255,0
DA:257,0
DA:259,0
DA:260,0
DA:261,0
DA:264,0
DA:265,0
DA:266,0
DA:270,4
DA:271,0
DA:272,0
DA:273,0
DA:274,0
DA:275,0
DA:276,0
DA:277,0
DA:278,0
DA:280,0
DA:281,0
DA:282,0
DA:285,0
DA:286,0
DA:287,0
DA:289,0
DA:291,0
DA:292,0
DA:293,0
DA:295,0
DA:299,4
DA:300,2
DA:301,2
DA:302,2
DA:303,2
DA:304,2
DA:305,2
DA:306,2
DA:307,2
DA:308,2
DA:309,2
DA:310,0
DA:311,0
DA:313,2
DA:314,2
DA:315,2
DA:318,0
DA:319,0
DA:320,0
DA:321,0
DA:322,0
DA:323,0
DA:324,0
DA:325,0
DA:330,0
DA:332,0
DA:334,2
DA:335,2
DA:339,4
DA:340,0
DA:341,0
DA:342,0
DA:343,0
DA:344,0
DA:345,0
DA:346,0
DA:349,0
DA:350,0
DA:351,0
DA:352,0
DA:353,0
DA:354,0
DA:355,0
DA:356,0
DA:360,0
DA:362,0
DA:363,0
DA:366,4
DA:367,0
DA:368,0
DA:369,0
DA:370,0
DA:371,0
DA:372,0
DA:373,0
DA:374,0
DA:377,4
DA:378,0
DA:379,0
DA:380,0
DA:381,0
DA:382,0
DA:383,0
DA:384,0
DA:385,0
DA:386,0
DA:387,0
DA:388,0
DA:391,4
DA:392,2
DA:393,2
DA:394,2
DA:395,2
DA:396,1
DA:397,0
DA:398,0
DA:399,0
DA:400,0
DA:401,0
DA:402,0
DA:403,0
DA:404,0
DA:405,0
DA:406,0
DA:407,0
DA:410,0
DA:411,0
DA:412,0
DA:414,0
DA:415,0
DA:416,0
DA:417,1
DA:420,4
LF:238
LH:61
BRDA:8,0,0,1
BRDA:8,0,1,1
BRDA:9,1,0,1
BRDA:9,1,1,1
BRDA:10,2,0,0
BRDA:10,2,1,1
BRDA:16,3,0,0
BRDA:16,3,1,1
BRDA:23,4,0,0
BRDA:23,4,1,1
BRDA:24,5,0,0
BRDA:24,5,1,1
BRDA:88,6,0,0
BRDA:88,6,1,0
BRDA:98,7,0,0
BRDA:98,7,1,0
BRDA:131,8,0,0
BRDA:131,8,1,0
BRDA:131,9,0,0
BRDA:131,9,1,0
BRDA:133,10,0,0
BRDA:133,10,1,0
BRDA:134,11,0,0
BRDA:134,11,1,0
BRDA:147,12,0,1
BRDA:147,12,1,0
BRDA:148,13,0,1
BRDA:148,13,1,0
BRDA:148,14,0,1
BRDA:148,14,1,1
BRDA:149,15,0,1
BRDA:149,15,1,0
BRDA:149,16,0,1
BRDA:149,16,1,1
BRDA:150,17,0,0
BRDA:150,17,1,1
BRDA:150,18,0,0
BRDA:150,18,1,0
BRDA:150,19,0,1
BRDA:150,19,1,1
BRDA:151,20,0,1
BRDA:151,20,1,0
BRDA:159,21,0,0
BRDA:159,21,1,0
BRDA:163,22,0,0
BRDA:163,22,1,0
BRDA:163,23,0,0
BRDA:163,23,1,0
BRDA:164,24,0,0
BRDA:164,24,1,0
BRDA:168,25,0,0
BRDA:168,25,1,0
BRDA:169,26,0,0
BRDA:169,26,1,0
BRDA:170,27,0,0
BRDA:170,27,1,0
BRDA:172,28,0,0
BRDA:172,28,1,0
BRDA:183,29,0,0
BRDA:183,29,1,0
BRDA:184,30,0,0
BRDA:184,30,1,0
BRDA:190,31,0,0
BRDA:190,31,1,0
BRDA:190,32,0,0
BRDA:190,32,1,0
BRDA:192,33,0,0
BRDA:192,33,1,0
BRDA:193,34,0,0
BRDA:193,34,1,0
BRDA:212,35,0,0
BRDA:212,35,1,0
BRDA:212,36,0,0
BRDA:212,36,1,0
BRDA:212,37,0,0
BRDA:212,37,1,0
BRDA:243,38,0,0
BRDA:243,38,1,0
BRDA:243,39,0,0
BRDA:243,39,1,0
BRDA:245,40,0,0
BRDA:245,40,1,0
BRDA:246,41,0,0
BRDA:246,41,1,0
BRDA:259,42,0,0
BRDA:259,42,1,0
BRDA:264,43,0,0
BRDA:264,43,1,0
BRDA:264,44,0,0
BRDA:264,44,1,0
BRDA:277,45,0,0
BRDA:277,45,1,0
BRDA:278,46,0,0
BRDA:278,46,1,0
BRDA:291,47,0,0
BRDA:291,47,1,0
BRDA:295,48,0,0
BRDA:295,48,1,0
BRDA:303,49,0,2
BRDA:303,49,1,0
BRDA:306,50,0,0
BRDA:306,50,1,2
BRDA:309,51,0,0
BRDA:309,51,1,2
BRDA:311,52,0,0
BRDA:311,52,1,0
BRDA:313,53,0,0
BRDA:313,53,1,2
BRDA:315,54,0,0
BRDA:315,54,1,0
BRDA:320,55,0,0
BRDA:320,55,1,0
BRDA:322,56,0,0
BRDA:322,56,1,0
BRDA:323,57,0,0
BRDA:323,57,1,0
BRDA:324,58,0,0
BRDA:324,58,1,0
BRDA:341,59,0,0
BRDA:341,59,1,0
BRDA:341,59,2,0
BRDA:341,59,3,0
BRDA:344,60,0,0
BRDA:344,60,1,0
BRDA:346,61,0,0
BRDA:346,61,1,0
BRDA:351,62,0,0
BRDA:351,62,1,0
BRDA:353,63,0,0
BRDA:353,63,1,0
BRDA:354,64,0,0
BRDA:354,64,1,0
BRDA:370,65,0,0
BRDA:370,65,1,0
BRDA:371,66,0,0
BRDA:371,66,1,0
BRDA:380,67,0,0
BRDA:380,67,1,0
BRDA:383,68,0,0
BRDA:383,68,1,0
BRDA:384,69,0,0
BRDA:384,69,1,0
BRDA:386,70,0,0
BRDA:386,70,1,0
BRDA:395,71,0,0
BRDA:395,71,1,1
BRDA:396,72,0,1
BRDA:396,72,1,0
BRF:148
BRH:25
end_of_record
TN:
SF:controllers\userController.js
FN:5,(anonymous_0)
FN:30,(anonymous_1)
FNF:2
FNH:0
FNDA:0,(anonymous_0)
FNDA:0,(anonymous_1)
DA:1,4
DA:2,4
DA:3,4
DA:5,4
DA:6,0
DA:7,0
DA:8,0
DA:11,0
DA:19,0
DA:20,0
DA:23,0
DA:25,0
DA:26,0
DA:30,4
DA:31,0
DA:32,0
DA:33,0
DA:35,0
DA:36,0
DA:37,0
DA:39,0
DA:50,0
DA:52,0
DA:53,0
DA:57,4
LF:25
LH:6
BRDA:19,0,0,0
BRDA:19,0,1,0
BRDA:33,1,0,0
BRDA:33,1,1,0
BRDA:36,2,0,0
BRDA:36,2,1,0
BRDA:37,3,0,0
BRDA:37,3,1,0
BRF:8
BRH:0
end_of_record
TN:
SF:middlewares\errorHandler.js
FN:4,(anonymous_0)
FNF:1
FNH:1
FNDA:3,(anonymous_0)
DA:1,5
DA:2,5
DA:4,5
DA:5,3
DA:15,3
DA:16,0
DA:19,3
DA:20,0
DA:23,3
DA:24,0
DA:28,3
DA:32,3
DA:35,5
LF:13
LH:10
BRDA:10,0,0,0
BRDA:10,0,1,3
BRDA:11,1,0,3
BRDA:11,1,1,3
BRDA:15,2,0,0
BRDA:15,2,1,3
BRDA:19,3,0,0
BRDA:19,3,1,3
BRDA:19,4,0,3
BRDA:19,4,1,3
BRDA:23,5,0,0
BRDA:23,5,1,3
BRDA:28,6,0,0
BRDA:28,6,1,3
BRDA:30,7,0,3
BRDA:30,7,1,0
BRDA:32,8,0,3
BRDA:32,8,1,3
BRDA:32,9,0,3
BRDA:32,9,1,3
BRF:20
BRH:14
end_of_record
TN:
SF:middlewares\rateLimiter.js
FN:4,(anonymous_0)
FN:6,(anonymous_1)
FN:13,(anonymous_2)
FNF:3
FNH:2
FNDA:20,(anonymous_0)
FNDA:36,(anonymous_1)
FNDA:0,(anonymous_2)
DA:1,4
DA:2,4
DA:4,4
DA:5,20
DA:6,36
DA:8,0
DA:14,0
DA:19,4
DA:24,4
DA:30,4
DA:36,4
DA:42,4
DA:48,4
LF:13
LH:11
BRDA:5,0,0,20
BRDA:5,0,1,0
BRDA:9,1,0,0
BRDA:9,1,1,0
BRDA:14,2,0,0
BRDA:14,2,1,0
BRF:6
BRH:1
end_of_record
TN:
SF:middlewares\requestLogger.js
FN:4,(anonymous_0)
FN:9,(anonymous_1)
FNF:2
FNH:2
FNDA:25,(anonymous_0)
FNDA:25,(anonymous_1)
DA:1,4
DA:2,4
DA:4,4
DA:5,25
DA:6,25
DA:9,25
DA:10,25
DA:11,25
DA:22,25
DA:25,4
LF:10
LH:10
BRDA:17,0,0,25
BRDA:17,0,1,25
BRF:2
BRH:2
end_of_record
TN:
SF:middlewares\validator.js
FN:4,(anonymous_0)
FN:10,(anonymous_1)
FN:16,(anonymous_2)
FNF:3
FNH:1
FNDA:0,(anonymous_0)
FNDA:0,(anonymous_1)
FNDA:13,(anonymous_2)
DA:1,4
DA:2,4
DA:4,4
DA:5,0
DA:6,0
DA:7,0
DA:9,0
DA:10,0
DA:12,0
DA:16,4
DA:17,13
DA:18,13
DA:19,5
DA:26,8
DA:29,4
DA:36,4
DA:42,4
DA:51,4
DA:56,4
LF:19
LH:13
BRDA:6,0,0,0
BRDA:6,0,1,0
BRDA:18,1,0,5
BRDA:18,1,1,8
BRF:4
BRH:2
end_of_record
TN:
SF:routes\ai.js
FN:8,(anonymous_0)
FNF:1
FNH:1
FNDA:2,(anonymous_0)
DA:1,4
DA:2,4
DA:3,4
DA:4,4
DA:7,4
DA:8,4
DA:9,2
DA:10,1
DA:12,1
DA:15,4
DA:16,4
DA:17,4
DA:19,4
LF:13
LH:13
BRDA:9,0,0,1
BRDA:9,0,1,1
BRF:2
BRH:2
end_of_record
TN:
SF:routes\auth.js
FN:15,(anonymous_0)
FNF:1
FNH:0
FNDA:0,(anonymous_0)
DA:1,4
DA:2,4
DA:3,4
DA:4,4
DA:5,4
DA:6,4
DA:7,4
DA:8,4
DA:10,4
DA:11,4
DA:14,4
DA:15,4
DA:16,0
DA:17,0
DA:19,0
DA:23,4
DA:26,4
DA:29,4
DA:32,4
DA:35,4
DA:38,4
DA:41,4
DA:44,4
DA:47,4
DA:52,4
DA:55,4
DA:58,4
DA:60,4
LF:28
LH:25
BRDA:16,0,0,0
BRDA:16,0,1,0
BRDA:16,1,0,0
BRDA:16,1,1,0
BRF:4
BRH:0
end_of_record
TN:
SF:routes\events.js
FN:15,(anonymous_0)
FN:18,(anonymous_1)
FNF:2
FNH:0
FNDA:0,(anonymous_0)
FNDA:0,(anonymous_1)
DA:1,4
DA:2,4
DA:3,4
DA:4,4
DA:5,4
DA:6,4
DA:7,4
DA:8,4
DA:12,4
DA:13,4
DA:14,4
DA:16,0
DA:19,0
DA:20,0
DA:25,0
DA:26,0
DA:36,4
DA:41,4
DA:42,4
DA:43,4
DA:45,4
DA:48,4
DA:51,4
DA:54,4
DA:57,4
DA:60,4
DA:63,4
DA:66,4
DA:69,4
DA:72,4
DA:75,4
DA:78,4
DA:80,4
LF:33
LH:28
BRDA:12,0,0,4
BRDA:12,0,1,0
BRF:2
BRH:1
end_of_record
TN:
SF:routes\messages.js
FN:9,(anonymous_0)
FN:25,(anonymous_1)
FN:70,(anonymous_2)
FN:103,(anonymous_3)
FN:136,(anonymous_4)
FN:175,(anonymous_5)
FN:196,(anonymous_6)
FN:225,(anonymous_7)
FNF:8
FNH:3
FNDA:0,(anonymous_0)
FNDA:0,(anonymous_1)
FNDA:0,(anonymous_2)
FNDA:1,(anonymous_3)
FNDA:2,(anonymous_4)
FNDA:0,(anonymous_5)
FNDA:1,(anonymous_6)
FNDA:0,(anonymous_7)
DA:1,4
DA:2,4
DA:3,4
DA:5,4
DA:6,4
DA:9,4
DA:10,0
DA:11,0
DA:12,0
DA:17,0
DA:19,0
DA:20,0
DA:25,4
DA:26,0
DA:27,0
DA:28,0
DA:31,0
DA:62,0
DA:64,0
DA:65,0
DA:70,4
DA:71,0
DA:72,0
DA:73,0
DA:74,0
DA:77,0
DA:85,0
DA:95,0
DA:97,0
DA:98,0
DA:103,4
DA:104,1
DA:105,1
DA:106,1
DA:108,1
DA:109,0
DA:112,1
DA:113,1
DA:119,1
DA:122,1
DA:124,1
DA:126,1
DA:128,0
DA:129,0
DA:136,4
DA:137,2
DA:138,2
DA:139,2
DA:140,2
DA:143,2
DA:144,0
DA:148,2
DA:149,2
DA:150,0
DA:153,2
DA:154,0
DA:158,2
DA:163,2
DA:164,1
DA:167,1
DA:169,0
DA:170,0
DA:175,4
DA:176,0
DA:177,0
DA:178,0
DA:180,0
DA:188,0
DA:190,0
DA:191,0
DA:196,4
DA:197,1
DA:198,1
DA:199,1
DA:200,1
DA:202,1
DA:203,0
DA:206,1
DA:207,1
DA:213,1
DA:214,1
DA:215,1
DA:217,1
DA:219,0
DA:220,0
DA:225,4
DA:226,0
DA:227,0
DA:228,0
DA:231,0
DA:240,0
DA:242,0
DA:243,0
DA:247,4
LF:94
LH:47
BRDA:108,0,0,0
BRDA:108,0,1,1
BRDA:108,1,0,1
BRDA:108,1,1,1
BRDA:143,2,0,0
BRDA:143,2,1,2
BRDA:149,3,0,0
BRDA:149,3,1,2
BRDA:153,4,0,0
BRDA:153,4,1,2
BRDA:163,5,0,1
BRDA:163,5,1,1
BRDA:202,6,0,0
BRDA:202,6,1,1
BRDA:202,7,0,1
BRDA:202,7,1,1
BRF:16
BRH:11
end_of_record
TN:
SF:routes\users.js
FNF:0
FNH:0
DA:1,4
DA:2,4
DA:3,4
DA:6,4
DA:7,4
DA:9,4
LF:6
LH:6
BRF:0
BRH:0
end_of_record
TN:
SF:utils\aiDiscovery.js
FN:15,geocode
FN:41,(anonymous_1)
FN:59,resolveEventImage
FN:66,(anonymous_3)
FN:89,(anonymous_4)
FN:107,isDuplicate
FN:121,discoverEvents
FN:205,(anonymous_7)
FN:248,(anonymous_8)
FN:265,insertDiscoveredEvent
FNF:10
FNH:1
FNDA:0,geocode
FNDA:0,(anonymous_1)
FNDA:0,resolveEventImage
FNDA:0,(anonymous_3)
FNDA:0,(anonymous_4)
FNDA:0,isDuplicate
FNDA:1,discoverEvents
FNDA:0,(anonymous_7)
FNDA:0,(anonymous_8)
FNDA:0,insertDiscoveredEvent
DA:1,4
DA:2,4
DA:3,4
DA:5,4
DA:6,4
DA:17,0
DA:27,0
DA:28,0
DA:29,0
DA:33,0
DA:34,0
DA:35,0
DA:38,0
DA:41,0
DA:43,0
DA:47,4
DA:61,0
DA:62,0
DA:63,0
DA:66,0
DA:69,0
DA:70,0
DA:71,0
DA:72,0
DA:75,0
DA:80,0
DA:81,0
DA:82,0
DA:84,0
DA:85,0
DA:86,0
DA:89,0
DA:93,0
DA:94,0
DA:95,0
DA:98,0
DA:102,0
DA:103,0
DA:108,0
DA:117,0
DA:122,1
DA:123,1
DA:125,1
DA:128,1
DA:129,1
DA:131,0
DA:132,0
DA:136,0
DA:137,0
DA:138,0
DA:143,1
DA:147,1
DA:149,1
DA:170,1
DA:178,1
DA:179,1
DA:181,1
DA:182,1
DA:183,1
DA:184,1
DA:185,1
DA:187,1
DA:188,1
DA:189,1
DA:190,1
DA:191,1
DA:192,1
DA:194,0
DA:195,0
DA:196,0
DA:199,0
DA:200,0
DA:201,0
DA:203,0
DA:204,0
DA:205,0
DA:208,0
DA:212,1
DA:213,0
DA:214,0
DA:219,1
DA:221,1
DA:222,1
DA:223,1
DA:225,0
DA:229,1
DA:230,1
DA:234,0
DA:235,0
DA:236,0
DA:239,0
DA:240,0
DA:243,0
DA:244,0
DA:245,0
DA:248,0
DA:250,0
DA:252,0
DA:254,0
DA:259,0
DA:261,0
DA:266,0
DA:269,0
DA:270,0
DA:271,0
DA:275,0
DA:290,0
DA:293,0
DA:299,0
DA:300,0
DA:302,0
DA:309,4
LF:112
LH:36
BRDA:33,0,0,0
BRDA:33,0,1,0
BRDA:33,1,0,0
BRDA:33,1,1,0
BRDA:61,2,0,0
BRDA:61,2,1,0
BRDA:61,3,0,0
BRDA:61,3,1,0
BRDA:69,4,0,0
BRDA:69,4,1,0
BRDA:70,5,0,0
BRDA:70,5,1,0
BRDA:80,6,0,0
BRDA:80,6,1,0
BRDA:81,7,0,0
BRDA:81,7,1,0
BRDA:93,8,0,0
BRDA:93,8,1,0
BRDA:121,9,0,0
BRDA:122,10,0,0
BRDA:122,10,1,1
BRDA:123,11,0,0
BRDA:123,11,1,1
BRDA:129,12,0,0
BRDA:129,12,1,1
BRDA:129,13,0,1
BRDA:129,13,1,0
BRDA:136,14,0,0
BRDA:136,14,1,0
BRDA:138,15,0,0
BRDA:138,15,1,0
BRDA:138,15,2,0
BRDA:138,15,3,0
BRDA:138,15,4,0
BRDA:143,16,0,0
BRDA:143,16,1,1
BRDA:184,17,0,1
BRDA:184,17,1,0
BRDA:187,18,0,1
BRDA:187,18,1,0
BRDA:195,19,0,0
BRDA:195,19,1,0
BRDA:195,19,2,0
BRDA:199,20,0,0
BRDA:199,20,1,0
BRDA:199,21,0,0
BRDA:199,21,1,0
BRDA:201,22,0,0
BRDA:201,22,1,0
BRDA:203,23,0,0
BRDA:203,23,1,0
BRDA:212,24,0,0
BRDA:212,24,1,1
BRDA:213,25,0,0
BRDA:213,25,1,0
BRDA:213,25,2,0
BRDA:222,26,0,0
BRDA:222,26,1,1
BRDA:229,27,0,1
BRDA:229,27,1,0
BRDA:229,28,0,1
BRDA:229,28,1,1
BRDA:229,28,2,1
BRDA:235,29,0,0
BRDA:235,29,1,0
BRDA:243,30,0,0
BRDA:243,30,1,0
BRDA:270,31,0,0
BRDA:270,31,1,0
BRDA:281,32,0,0
BRDA:281,32,1,0
BRDA:286,33,0,0
BRDA:286,33,1,0
BRDA:287,34,0,0
BRDA:287,34,1,0
BRF:75
BRH:13
end_of_record
TN:
SF:utils\auth.js
FN:3,(anonymous_0)
FNF:1
FNH:1
FNDA:17,(anonymous_0)
DA:1,4
DA:3,4
DA:4,17
DA:7,17
DA:8,2
DA:12,15
DA:13,15
DA:14,15
DA:15,14
DA:16,14
DA:18,1
DA:19,1
DA:20,1
DA:21,1
DA:25,4
LF:15
LH:15
BRDA:7,0,0,2
BRDA:7,0,1,15
BRDA:13,1,0,15
BRDA:13,1,1,0
BRDA:20,2,0,1
BRDA:20,2,1,0
BRF:6
BRH:4
end_of_record
TN:
SF:utils\cacheService.js
FN:11,(anonymous_0)
FN:12,(anonymous_1)
FN:13,(anonymous_2)
FN:14,(anonymous_3)
FN:21,(anonymous_4)
FN:24,(anonymous_5)
FNF:6
FNH:2
FNDA:1,(anonymous_0)
FNDA:1,(anonymous_1)
FNDA:0,(anonymous_2)
FNDA:0,(anonymous_3)
FNDA:0,(anonymous_4)
FNDA:0,(anonymous_5)
DA:1,4
DA:5,4
DA:10,4
DA:11,1
DA:12,1
DA:13,0
DA:14,0
DA:22,0
DA:23,0
DA:24,0
DA:25,0
DA:26,0
DA:27,0
DA:28,0
DA:31,0
DA:35,4
LF:16
LH:6
BRDA:23,0,0,0
BRDA:23,0,1,0
BRDA:23,1,0,0
BRDA:23,1,1,0
BRDA:25,2,0,0
BRDA:25,2,1,0
BRF:6
BRH:0
end_of_record
TN:
SF:utils\logger.js
FNF:0
FNH:0
DA:1,5
DA:3,5
DA:6,5
DA:17,5
DA:23,5
LF:5
LH:5
BRDA:3,0,0,5
BRDA:3,0,1,5
BRDA:6,1,0,0
BRDA:6,1,1,5
BRDA:18,2,0,5
BRDA:18,2,1,0
BRDA:18,3,0,0
BRDA:18,3,1,0
BRF:8
BRH:4
end_of_record
TN:
SF:utils\mailer.js
FN:6,(anonymous_0)
FN:32,(anonymous_1)
FN:52,(anonymous_2)
FNF:3
FNH:0
FNDA:0,(anonymous_0)
FNDA:0,(anonymous_1)
FNDA:0,(anonymous_2)
DA:1,3
DA:2,3
DA:6,3
DA:7,0
DA:8,0
DA:9,0
DA:17,0
DA:18,0
DA:19,0
DA:28,0
DA:32,3
DA:33,0
DA:35,0
DA:42,0
DA:43,0
DA:44,0
DA:45,0
DA:46,0
DA:48,0
DA:52,3
DA:53,0
DA:55,0
DA:56,0
DA:68,0
DA:69,0
DA:70,0
DA:71,0
DA:72,0
DA:73,0
DA:74,0
DA:75,0
DA:76,0
DA:79,0
DA:83,3
LF:34
LH:6
BRDA:7,0,0,0
BRDA:7,0,1,0
BRDA:7,1,0,0
BRDA:7,1,1,0
BRDA:7,1,2,0
BRDA:33,2,0,0
BRDA:33,2,1,0
BRDA:36,3,0,0
BRDA:36,3,1,0
BRDA:46,4,0,0
BRDA:46,4,1,0
BRDA:53,5,0,0
BRDA:53,5,1,0
BRDA:55,6,0,0
BRDA:55,6,1,0
BRDA:57,7,0,0
BRDA:57,7,1,0
BRDA:72,8,0,0
BRDA:72,8,1,0
BRF:19
BRH:0
end_of_record
TN:
SF:utils\mapper.js
FN:3,(anonymous_0)
FN:5,(anonymous_1)
FN:10,(anonymous_2)
FN:12,(anonymous_3)
FN:14,(anonymous_4)
FNF:5
FNH:4
FNDA:16,(anonymous_0)
FNDA:0,(anonymous_1)
FNDA:21,(anonymous_2)
FNDA:1,(anonymous_3)
FNDA:16,(anonymous_4)
DA:1,4
DA:3,4
DA:4,16
DA:5,8
DA:6,8
DA:7,8
DA:10,4
DA:11,21
DA:12,1
DA:13,20
DA:14,4
DA:15,16
DA:16,16
DA:17,16
DA:20,16
DA:23,4
LF:16
LH:16
BRDA:4,0,0,8
BRDA:4,0,1,8
BRDA:11,1,0,1
BRDA:11,1,1,20
BRDA:13,2,0,4
BRDA:13,2,1,16
BRDA:13,3,0,20
BRDA:13,3,1,20
BRF:8
BRH:8
end_of_record
TN:
SF:utils\response.js
FN:1,(anonymous_0)
FN:8,(anonymous_1)
FN:16,(anonymous_2)
FNF:3
FNH:1
FNDA:0,(anonymous_0)
FNDA:4,(anonymous_1)
FNDA:0,(anonymous_2)
DA:1,5
DA:2,0
DA:8,5
DA:9,4
DA:16,5
DA:17,0
DA:28,5
LF:7
LH:5
BRDA:1,0,0,0
BRDA:8,1,0,0
BRDA:8,2,0,0
BRF:3
BRH:0
end_of_record
